<?xml version="1.0" encoding="utf-8"?><testsuites name="pytest tests"><testsuite name="pytest" errors="0" failures="0" skipped="14" tests="1063" time="912.813" timestamp="2026-09-12T16:37:12.251283+00:00" hostname="fe834080c209"><testcase classname="digdelv.tests_dig" name="test_update_response" time="2.984" /><testcase classname="digdelv.tests_delv" name="test_short[+short]" time="2.078" /><testcase classname="digdelv.tests_delv" name="test_short[+sh]" time="0.069" /><testcase classname="digdelv.tests_delv" name="test_split_width[+split=4]" time="0.068" /><testcase classname="digdelv.tests_delv" name="test_split_width[+sp=4]" time="0.068" /><testcase classname="digdelv.tests_delv" name="test_unknownformat" time="0.067" /><testcase classname="digdelv.tests_delv" name="test_4_and_6_mutually_exclusive" time="0.009" /><testcase classname="digdelv.tests_delv" name="test_malformed_query_name" time="0.009" /><testcase classname="digdelv.tests_delv" name="test_address_family_mismatch[ipv4-server-with-6]" time="0.010" /><testcase classname="digdelv.tests_delv" name="test_address_family_mismatch[ipv6-server-with-4]" time="0.011" /><testcase classname="digdelv.tests_delv" name="test_reverse_lookup" time="0.068" /><testcase classname="digdelv.tests_delv" name="test_tcp" time="0.067" /><testcase classname="digdelv.tests_delv" name="test_rrcomments[multi-norrcomments-dnskey]" time="0.067" /><testcase classname="digdelv.tests_delv" name="test_rrcomments[multi-norrcomments-soa]" time="0.068" /><testcase classname="digdelv.tests_delv" name="test_rrcomments[rrcomments]" time="0.071" /><testcase classname="digdelv.tests_delv" name="test_rrcomments[short-rrcomments]" time="0.071" /><testcase classname="digdelv.tests_delv" name="test_short_rrcomments_line" time="0.070" /><testcase classname="digdelv.tests_delv" name="test_short_nosplit" time="0.067" /><testcase classname="digdelv.tests_delv" name="test_short_nosplit_norrcomments" time="0.066" /><testcase classname="digdelv.tests_dig" name="test_short" time="0.012" /><testcase classname="digdelv.tests_dig" name="test_split_width[+split=4]" time="0.013" /><testcase classname="digdelv.tests_dig" name="test_split_width[+sp=4]" time="0.012" /><testcase classname="digdelv.tests_delv" name="test_class_option[in]" time="0.067" /><testcase classname="digdelv.tests_dig" name="test_unknownformat" time="0.013" /><testcase classname="digdelv.tests_dig" name="test_reverse_lookup" time="0.014" /><testcase classname="digdelv.tests_dig" name="test_tcp" time="0.010" /><testcase classname="digdelv.tests_dig" name="test_dnskey_rrcomments[multi-norrcomments]" time="0.011" /><testcase classname="digdelv.tests_dig" name="test_dnskey_rrcomments[rrcomments]" time="0.011" /><testcase classname="digdelv.tests_delv" name="test_class_option[ch-ignored]" time="0.068" /><testcase classname="digdelv.tests_dig" name="test_dnskey_rrcomments[short-rrcomments]" time="0.012" /><testcase classname="digdelv.tests_dig" name="test_soa_norrcomments" time="0.015" /><testcase classname="digdelv.tests_dig" name="test_short_nosplit" time="0.014" /><testcase classname="digdelv.tests_dig" name="test_short_rrcomments_line" time="0.012" /><testcase classname="digdelv.tests_dig" name="test_multi_flag_is_local" time="0.044" /><testcase classname="digdelv.tests_delv" name="test_q_m" time="0.072" /><testcase classname="digdelv.tests_dig" name="test_noheader_only" time="0.012" /><testcase classname="digdelv.tests_dig" name="test_header_only[default]" time="0.011" /><testcase classname="digdelv.tests_dig" name="test_header_only[with-class-and-type]" time="0.012" /><testcase classname="digdelv.tests_delv" name="test_any_query" time="0.069" /><testcase classname="digdelv.tests_dig" name="test_ttl_units[weeks]" time="0.013" /><testcase classname="digdelv.tests_dig" name="test_ttl_units[days]" time="0.013" /><testcase classname="digdelv.tests_dig" name="test_ttl_units[hours]" time="0.016" /><testcase classname="digdelv.tests_dig" name="test_ttl_units[minutes]" time="0.011" /><testcase classname="digdelv.tests_dig" name="test_ttl_units[seconds]" time="0.012" /><testcase classname="digdelv.tests_delv" name="test_trust_anchors[key-style]" time="0.068" /><testcase classname="digdelv.tests_dig" name="test_ttl_units_precedence[nottlid-wins]" time="0.012" /><testcase classname="digdelv.tests_dig" name="test_ttl_units_precedence[ttlunits-wins]" time="0.011" /><testcase classname="digdelv.tests_dig" name="test_ttl_units_precedence[plain-seconds]" time="0.012" /><testcase classname="digdelv.tests_dig" name="test_class_chaos" time="0.013" /><testcase classname="digdelv.tests_dig" name="test_bad_escape" time="0.014" /><testcase classname="digdelv.tests_dig" name="test_q_m" time="0.015" /><testcase classname="digdelv.tests_delv" name="test_trust_anchors[ds-style]" time="0.071" /><testcase classname="digdelv.tests_dig" name="test_expandaaaa[expandaaaa]" time="0.018" /><testcase classname="digdelv.tests_dig" name="test_expandaaaa[noexpandaaaa]" time="0.018" /><testcase classname="digdelv.tests_dig" name="test_expandaaaa[default]" time="0.012" /><testcase classname="digdelv.tests_dig" name="test_expandaaaa[short-expandaaaa]" time="0.011" /><testcase classname="digdelv.tests_delv" name="test_refused_chasing_ds" time="0.069" /><testcase classname="digdelv.tests_dig" name="test_bufsize_zero" time="0.013" /><testcase classname="digdelv.tests_dig" name="test_bufsize_restores_default" time="0.012" /><testcase classname="digdelv.tests_dig" name="test_query_time_units[msec]" time="0.011" /><testcase classname="digdelv.tests_dig" name="test_query_time_units[usec]" time="0.012" /><testcase classname="digdelv.tests_dig" name="test_yaml_timestamp_precision[msec]" time="0.015" /><testcase classname="digdelv.tests_delv" name="test_yaml_any" time="0.085" /><testcase classname="digdelv.tests_dig" name="test_yaml_timestamp_precision[usec]" time="0.018" /><testcase classname="digdelv.tests_dig" name="test_local_reserved_warning" time="0.021" /><testcase classname="digdelv.tests_dig" name="test_nocrypto" time="0.036" /><testcase classname="digdelv.tests_dig" name="test_coflag" time="0.021" /><testcase classname="digdelv.tests_delv" name="test_yaml_negative[nodata]" time="0.084" /><testcase classname="digdelv.tests_dig" name="test_coflag_yaml" time="0.025" /><testcase classname="digdelv.tests_dig" name="test_header_flag_options[+raflag]" time="0.027" /><testcase classname="digdelv.tests_dig" name="test_header_flag_options[+tcflag]" time="0.095" /><testcase classname="digdelv.tests_delv" name="test_yaml_negative[nxdomain]" time="0.157" /><testcase classname="digdelv.tests_dig" name="test_zflag" time="0.027" /><testcase classname="digdelv.tests_dig" name="test_ednsopt_08_no_insist" time="0.031" /><testcase classname="digdelv.tests_dig" name="test_ednsopt_nsid[number]" time="0.025" /><testcase classname="digdelv.tests_delv" name="test_ns_output" time="0.085" /><testcase classname="digdelv.tests_dig" name="test_ednsopt_nsid[name]" time="0.021" /><testcase classname="digdelv.tests_dig" name="test_ednsopt_update_lease" time="0.019" /><testcase classname="digdelv.tests_dig" name="test_ednsopt_update_lease_yaml" time="0.021" /><testcase classname="digdelv.tests_dig" name="test_ednsopt_update_lease_split" time="0.026" /><testcase classname="digdelv.tests_delv" name="test_ns_lookup[no-validation]" time="0.088" /><testcase classname="digdelv.tests_dig" name="test_ednsopt_update_lease_split_yaml" time="0.029" /><testcase classname="digdelv.tests_dig" name="test_ednsopt_llq" time="0.017" /><testcase classname="digdelv.tests_dig" name="test_ednsopt_llq_yaml" time="0.025" /><testcase classname="digdelv.tests_delv" name="test_ns_lookup[no-validation-qmin]" time="0.077" /><testcase classname="digdelv.tests_dig" name="test_ednsopt_key_tag_empty" time="0.019" /><testcase classname="digdelv.tests_dig" name="test_ednsopt_key_tag" time="0.020" /><testcase classname="digdelv.tests_dig" name="test_ednsopt_key_tag_yaml" time="0.020" /><testcase classname="digdelv.tests_dig" name="test_ednsopt_key_tag_malformed" time="0.015" /><testcase classname="digdelv.tests_delv" name="test_ns_lookup[validation]" time="0.078" /><testcase classname="digdelv.tests_dig" name="test_ednsopt_tag[client-tag]" time="0.018" /><testcase classname="digdelv.tests_dig" name="test_ednsopt_tag[server-tag]" time="0.019" /><testcase classname="digdelv.tests_dig" name="test_ednsopt_tag_yaml[client-tag]" time="0.026" /><testcase classname="digdelv.tests_dig" name="test_ednsopt_tag_yaml[server-tag]" time="0.041" /><testcase classname="digdelv.tests_delv" name="test_ns_lookup[validation-qmin]" time="0.090" /><testcase classname="digdelv.tests_dig" name="test_ednsopt_tag_bad_length[client-tag-too-short]" time="0.018" /><testcase classname="digdelv.tests_dig" name="test_ednsopt_tag_bad_length[client-tag-too-long]" time="0.020" /><testcase classname="digdelv.tests_dig" name="test_ednsopt_tag_bad_length[server-tag-too-short]" time="0.020" /><testcase classname="digdelv.tests_dig" name="test_ednsopt_tag_bad_length[server-tag-too-long]" time="0.021" /><testcase classname="digdelv.tests_delv" name="test_ns_address_family[-4]" time="0.076" /><testcase classname="digdelv.tests_dig" name="test_ednsopt_chain" time="0.021" /><testcase classname="digdelv.tests_dig" name="test_ednsopt_chain_yaml" time="0.019" /><testcase classname="digdelv.tests_dig" name="test_expire" time="0.016" /><testcase classname="digdelv.tests_delv" name="test_ns_address_family[-6]" time="2.108" /><testcase classname="digdelv.tests_dig" name="test_expire_yaml" time="0.017" /><testcase classname="digdelv.tests_dig" name="test_keepalive" time="0.015" /><testcase classname="digdelv.tests_dig" name="test_keepalive_yaml" time="0.016" /><testcase classname="digdelv.tests_dig" name="test_ednsopt_ede[first-defined-code]" time="0.011" /><testcase classname="digdelv.tests_dig" name="test_ednsopt_ede[last-defined-code]" time="0.012" /><testcase classname="digdelv.tests_dig" name="test_ednsopt_ede[undefined-code]" time="0.014" /><testcase classname="digdelv.tests_dig" name="test_ednsopt_ede[empty]" time="0.013" /><testcase classname="digdelv.tests_dig" name="test_ednsopt_ede[too-short]" time="0.016" /><testcase classname="digdelv.tests_dig" name="test_ednsopt_ede_yaml[first-defined-code]" time="0.015" /><testcase classname="digdelv.tests_dig" name="test_ednsopt_ede_yaml[last-defined-code]" time="0.013" /><testcase classname="digdelv.tests_dig" name="test_ednsopt_ede_yaml[undefined-code]" time="0.013" /><testcase classname="digdelv.tests_dig" name="test_ednsopt_ede_yaml_specials" time="0.015" /><testcase classname="digdelv.tests_dig" name="test_ednsopt_ede_yaml_invalid[empty]" time="0.015" /><testcase classname="digdelv.tests_dig" name="test_ednsopt_ede_yaml_invalid[too-short]" time="0.016" /><testcase classname="digdelv.tests_dig" name="test_ednsopt_malformed" time="0.012" /><testcase classname="verify.tests_verify" name="test_verify_good_zone_files[ksk-only.nsec3]" time="4.635" /><testcase classname="digdelv.tests_dig" name="test_ednsflags_reenables_edns" time="0.015" /><testcase classname="digdelv.tests_dig" name="test_showbadvers" time="0.015" /><testcase classname="digdelv.tests_dig" name="test_subnet" time="0.012" /><testcase classname="digdelv.tests_dig" name="test_subnet_last_wins" time="0.011" /><testcase classname="digdelv.tests_dig" name="test_subnet_prefix_lengths[1]" time="0.011" /><testcase classname="digdelv.tests_dig" name="test_subnet_prefix_lengths[2]" time="0.014" /><testcase classname="verify.tests_verify" name="test_verify_good_zone_files[ksk-only.nsec]" time="0.066" /><testcase classname="digdelv.tests_dig" name="test_subnet_prefix_lengths[3]" time="0.011" /><testcase classname="digdelv.tests_dig" name="test_subnet_prefix_lengths[4]" time="0.011" /><testcase classname="digdelv.tests_dig" name="test_subnet_prefix_lengths[5]" time="0.013" /><testcase classname="digdelv.tests_dig" name="test_subnet_prefix_lengths[6]" time="0.016" /><testcase classname="digdelv.tests_dig" name="test_subnet_prefix_lengths[7]" time="0.013" /><testcase classname="verify.tests_verify" name="test_verify_good_zone_files[ksk+zsk.nsec3.apex-dname]" time="0.065" /><testcase classname="digdelv.tests_dig" name="test_subnet_prefix_lengths[8]" time="0.013" /><testcase classname="digdelv.tests_dig" name="test_subnet_prefix_lengths[9]" time="0.013" /><testcase classname="digdelv.tests_dig" name="test_subnet_prefix_lengths[10]" time="0.011" /><testcase classname="digdelv.tests_dig" name="test_subnet_prefix_lengths[11]" time="0.011" /><testcase classname="digdelv.tests_dig" name="test_subnet_prefix_lengths[12]" time="0.011" /><testcase classname="verify.tests_verify" name="test_verify_good_zone_files[ksk+zsk.nsec3]" time="0.077" /><testcase classname="digdelv.tests_dig" name="test_subnet_prefix_lengths[13]" time="0.012" /><testcase classname="digdelv.tests_dig" name="test_subnet_prefix_lengths[14]" time="0.016" /><testcase classname="digdelv.tests_dig" name="test_subnet_prefix_lengths[15]" time="0.014" /><testcase classname="digdelv.tests_dig" name="test_subnet_prefix_lengths[16]" time="0.014" /><testcase classname="digdelv.tests_dig" name="test_subnet_prefix_lengths[17]" time="0.016" /><testcase classname="digdelv.tests_dig" name="test_subnet_prefix_lengths[18]" time="0.018" /><testcase classname="verify.tests_verify" name="test_verify_good_zone_files[ksk+zsk.nsec.apex-dname]" time="0.067" /><testcase classname="digdelv.tests_dig" name="test_subnet_prefix_lengths[19]" time="0.017" /><testcase classname="digdelv.tests_dig" name="test_subnet_prefix_lengths[20]" time="0.015" /><testcase classname="digdelv.tests_dig" name="test_subnet_prefix_lengths[21]" time="0.012" /><testcase classname="digdelv.tests_dig" name="test_subnet_prefix_lengths[22]" time="0.016" /><testcase classname="verify.tests_verify" name="test_verify_good_zone_files[ksk+zsk.nsec]" time="0.068" /><testcase classname="digdelv.tests_dig" name="test_subnet_prefix_lengths[23]" time="0.012" /><testcase classname="digdelv.tests_dig" name="test_subnet_prefix_lengths[24]" time="0.013" /><testcase classname="digdelv.tests_dig" name="test_subnet_prefix_between_byte_boundaries[9]" time="0.010" /><testcase classname="digdelv.tests_dig" name="test_subnet_prefix_between_byte_boundaries[10]" time="0.011" /><testcase classname="digdelv.tests_dig" name="test_subnet_prefix_between_byte_boundaries[11]" time="0.011" /><testcase classname="verify.tests_verify" name="test_verify_good_zone_files[ksk+zsk.optout]" time="0.075" /><testcase classname="digdelv.tests_dig" name="test_subnet_prefix_between_byte_boundaries[12]" time="0.011" /><testcase classname="digdelv.tests_dig" name="test_subnet_prefix_between_byte_boundaries[13]" time="0.011" /><testcase classname="digdelv.tests_dig" name="test_subnet_prefix_between_byte_boundaries[14]" time="0.010" /><testcase classname="digdelv.tests_dig" name="test_subnet_prefix_between_byte_boundaries[15]" time="0.011" /><testcase classname="digdelv.tests_dig" name="test_subnet_zero[+subnet=0/0]" time="0.011" /><testcase classname="digdelv.tests_dig" name="test_subnet_zero[+subnet=0]" time="0.010" /><testcase classname="digdelv.tests_dig" name="test_subnet_zero[+subnet=::/0]" time="0.012" /><testcase classname="verify.tests_verify" name="test_verify_good_zone_files[zsk-only.nsec3]" time="0.078" /><testcase classname="digdelv.tests_dig" name="test_subnet_zero_yaml[+subnet=0/0]" time="0.012" /><testcase classname="digdelv.tests_dig" name="test_subnet_zero_yaml[+subnet=0]" time="0.012" /><testcase classname="digdelv.tests_dig" name="test_subnet_zero_yaml[+subnet=::/0]" time="0.012" /><testcase classname="digdelv.tests_dig" name="test_subnet_yaml" time="0.015" /><testcase classname="digdelv.tests_dig" name="test_subnet_raw_zero" time="0.014" /><testcase classname="digdelv.tests_dig" name="test_subnet_raw_unknown_family" time="0.013" /><testcase classname="verify.tests_verify" name="test_verify_good_zone_files[zsk-only.nsec]" time="0.072" /><testcase classname="digdelv.tests_dig" name="test_origin_preserved_on_tcp_retries" time="2.019" /><testcase classname="verify.tests_verify" name="test_verify_good_zone_nsec_next_name_case_mismatch" time="0.074" /><testcase classname="verify.tests_verify" name="test_verify_bad_zone_files_dnskeyonly[ksk-only.dnskeyonly]" time="0.069" /><testcase classname="verify.tests_verify" name="test_verify_bad_zone_files_dnskeyonly[ksk+zsk.dnskeyonly]" time="0.070" /><testcase classname="verify.tests_verify" name="test_verify_bad_zone_files_dnskeyonly[zsk-only.dnskeyonly]" time="0.083" /><testcase classname="verify.tests_verify" name="test_verify_bad_zone_files_expired[ksk-only.nsec3.expired]" time="0.085" /><testcase classname="verify.tests_verify" name="test_verify_bad_zone_files_expired[ksk-only.nsec.expired]" time="0.074" /><testcase classname="verify.tests_verify" name="test_verify_bad_zone_files_expired[ksk+zsk.nsec3.expired]" time="0.082" /><testcase classname="verify.tests_verify" name="test_verify_bad_zone_files_expired[ksk+zsk.nsec.expired]" time="0.081" /><testcase classname="verify.tests_verify" name="test_verify_bad_zone_files_expired[ksk+zsk.nsec.ksk-expired]" time="0.070" /><testcase classname="verify.tests_verify" name="test_verify_bad_zone_files_expired[zsk-only.nsec3.expired]" time="0.078" /><testcase classname="verify.tests_verify" name="test_verify_bad_zone_files_expired[zsk-only.nsec.expired]" time="0.073" /><testcase classname="verify.tests_verify" name="test_verify_bad_zone_files_expired[ksk+zsk.nsec3.ksk-expired]" time="0.084" /><testcase classname="verify.tests_verify" name="test_verify_bad_zone_files_unexpected_nsec_rrset[ksk+zsk.nsec.out-of-zone-nsec]" time="0.090" /><testcase classname="verify.tests_verify" name="test_verify_bad_zone_files_unexpected_nsec_rrset[ksk+zsk.nsec.below-bottom-of-zone-nsec]" time="0.070" /><testcase classname="verify.tests_verify" name="test_verify_bad_zone_files_unexpected_nsec_rrset[ksk+zsk.nsec.below-dname-nsec]" time="0.071" /><testcase classname="verify.tests_verify" name="test_verify_bad_zone_files_bad_nsec_record" time="0.068" /><testcase classname="verify.tests_verify" name="test_verify_bad_zone_files_bad_bitmap" time="0.067" /><testcase classname="verify.tests_verify" name="test_verify_bad_zone_files_missing_nsec3_record" time="0.080" /><testcase classname="kasp.tests_kasp" name="test_kasp_case[rsasha1.kasp]" time="6.759" /><testcase classname="verify.tests_verify" name="test_verify_bad_zone_files_no_dnssec_keys" time="0.064" /><testcase classname="verify.tests_verify" name="test_verify_bad_zone_files_unequal_nsec3_chains" time="0.077" /><testcase classname="verify.tests_verify" name="test_verify_soa_not_at_top_error" time="0.015" /><testcase classname="verify.tests_verify" name="test_verify_invalid_o_option_soa_not_at_top_error" time="0.012" /><testcase classname="kasp.tests_kasp" name="test_kasp_case[rsasha1-nsec3.kasp]" time="0.189" /><testcase classname="verify.tests_verify" name="test_verify_j_reads_journal_file" time="0.085" /><testcase classname="verify.tests_verify" name="test_verify_rejects_bad_nsec3param_hash" time="0.067" /><testcase classname="verify.tests_verify" name="test_verify_ignores_bad_nsec3param_hash_with_nsec" time="0.076" /><testcase classname="kasp.tests_kasp" name="test_kasp_case[dnskey-ttl-mismatch.autosign]" time="0.193" /><testcase classname="verify.tests_verify" name="test_verify_ignores_bad_nsec3param_hash_with_good_nsec3param" time="0.067" /><testcase classname="verify.tests_verify" name="test_verify_rejects_no_nsec_and_all_nsec3param_with_non_zero_flags" time="0.064" /><testcase classname="verify.tests_verify" name="test_verify_ignores_nsec3param_non_zero_flags" time="0.066" /><testcase classname="kasp.tests_kasp" name="test_kasp_case[expired-sigs.autosign]" time="1.106" /><testcase classname="digdelv.tests_dig" name="test_4_and_6_mutually_exclusive" time="0.011" /><testcase classname="digdelv.tests_dig" name="test_ipv6_server_with_ipv4_only" time="0.019" /><testcase classname="verify.tests_verify" name="test_verify_rejects_nsec3param_with_nsec_only_key" time="0.121" /><testcase classname="digdelv.tests_dig" name="test_ipv4_server_with_ipv6_only[+tcp]" time="0.022" /><testcase classname="digdelv.tests_dig" name="test_ipv4_server_with_ipv6_only[+notcp]" time="0.014" /><testcase classname="digdelv.tests_dig" name="test_axfr_retry_upon_tcp_eof[immediate-immediate]" time="0.037" /><testcase classname="digdelv.tests_dig" name="test_axfr_retry_upon_tcp_eof[partial-partial]" time="0.032" /><testcase classname="digdelv.tests_dig" name="test_axfr_retry_upon_tcp_eof[immediate-partial]" time="0.032" /><testcase classname="digdelv.tests_dig" name="test_axfr_retry_upon_tcp_eof[partial-immediate]" time="0.025" /><testcase classname="digdelv.tests_dig" name="test_axfr_retry_upon_tcp_eof[immediate-complete]" time="0.021" /><testcase classname="digdelv.tests_dig" name="test_axfr_retry_upon_tcp_eof[partial-complete]" time="0.023" /><testcase classname="digdelv.tests_dig" name="test_axfr_retry_upon_tcp_eof[tries-1-no-second-retry]" time="0.029" /><testcase classname="digdelv.tests_dig" name="test_axfr_no_retry_with_retry_0" time="0.028" /><testcase classname="digdelv.tests_dig" name="test_timeout_then_servfail[udp]" time="1.024" /><testcase classname="kasp.tests_kasp" name="test_kasp_case[fresh-sigs.autosign]" time="0.993" /><testcase classname="digdelv.tests_dig" name="test_timeout_then_servfail[tcp]" time="1.022" /><testcase classname="kasp.tests_kasp" name="test_kasp_case[unfresh-sigs.autosign]" time="1.042" /><testcase classname="xfer.tests_xfer" name="test_zone_transfer_fallback_to_dns_after_dot_failed" time="2.140" /><testcase classname="xfer.tests_xfer" name="test_tsig_signed_zone_transfer" time="0.048" /><testcase classname="xfer.tests_xfer" name="test_zone_is_dumped_after_transfer" time="6.521" /><testcase classname="digdelv.tests_dig" name="test_comments_retry_comment" time="1.017" /><testcase classname="kasp.tests_kasp" name="test_kasp_case[keyfiles-missing.autosign]" time="0.290" /><testcase classname="digdelv.tests_dig" name="test_short_comments_suppresses_retry_comment" time="1.017" /><testcase classname="kasp.tests_kasp" name="test_kasp_case[ksk-missing.autosign]" time="0.202" /><testcase classname="kasp.tests_kasp" name="test_kasp_case[zsk-missing.autosign]" time="0.200" /><testcase classname="kasp.tests_kasp" name="test_kasp_case[dnssec-keygen.kasp]" time="0.184" /><testcase classname="kasp.tests_kasp" name="test_kasp_case[ecdsa256.kasp]" time="0.185" /><testcase classname="kasp.tests_kasp" name="test_kasp_case[ecdsa384.kasp]" time="0.199" /><testcase classname="kasp.tests_kasp" name="test_kasp_case[inherit.kasp]" time="0.181" /><testcase classname="digdelv.tests_dig" name="test_next_server_after_network_unreachable[udp]" time="15.036" /><testcase classname="kasp.tests_kasp" name="test_kasp_case[keystore.kasp]" time="0.182" /><testcase classname="kasp.tests_kasp" name="test_kasp_case[legacy-keys.kasp]" time="0.184" /><testcase classname="kasp.tests_kasp" name="test_kasp_case[pregenerated.kasp]" time="0.180" /><testcase classname="kasp.tests_kasp" name="test_kasp_case[rsasha256.kasp]" time="0.184" /><testcase classname="kasp.tests_kasp" name="test_kasp_case[rsasha512.kasp]" time="0.179" /><testcase classname="kasp.tests_kasp" name="test_kasp_case[rumoured.kasp]" time="0.191" /><testcase classname="kasp.tests_kasp" name="test_kasp_case[secondary.kasp]" time="1.203" /><testcase classname="kasp.tests_kasp" name="test_kasp_case[some-keys.kasp]" time="0.269" /><testcase classname="kasp.tests_kasp" name="test_kasp_case[unlimited.kasp]" time="0.229" /><testcase classname="kasp.tests_kasp" name="test_kasp_case[ed25519.kasp]" time="0.200" /><testcase classname="kasp.tests_kasp" name="test_kasp_case[ed448.kasp]" time="0.194" /><testcase classname="kasp.tests_kasp" name="test_kasp_inherit_unsigned[unsigned.tld]" time="0.015" /><testcase classname="kasp.tests_kasp" name="test_kasp_inherit_unsigned[none.inherit.signed]" time="0.018" /><testcase classname="kasp.tests_kasp" name="test_kasp_inherit_unsigned[none.override.signed]" time="0.018" /><testcase classname="kasp.tests_kasp" name="test_kasp_inherit_unsigned[inherit.none.signed]" time="0.018" /><testcase classname="kasp.tests_kasp" name="test_kasp_inherit_unsigned[none.none.signed]" time="0.013" /><testcase classname="kasp.tests_kasp" name="test_kasp_inherit_unsigned[inherit.inherit.unsigned]" time="0.018" /><testcase classname="kasp.tests_kasp" name="test_kasp_inherit_unsigned[none.inherit.unsigned]" time="0.015" /><testcase classname="kasp.tests_kasp" name="test_kasp_inherit_unsigned[none.override.unsigned]" time="0.015" /><testcase classname="kasp.tests_kasp" name="test_kasp_inherit_unsigned[inherit.none.unsigned]" time="0.016" /><testcase classname="kasp.tests_kasp" name="test_kasp_inherit_unsigned[none.none.unsigned]" time="0.015" /><testcase classname="kasp.tests_kasp" name="test_kasp_inherit_signed[signed.tld]" time="0.108" /><testcase classname="kasp.tests_kasp" name="test_kasp_inherit_signed[override.inherit.signed]" time="0.105" /><testcase classname="checkds.tests_checkds" name="test_checkds[reference.explicit.dspublish.ns2]" time="8.876" /><testcase classname="kasp.tests_kasp" name="test_kasp_inherit_signed[inherit.override.signed]" time="0.102" /><testcase classname="checkds.tests_checkds" name="test_checkds[resolver.explicit.dspublish.ns2]" time="0.099" /><testcase classname="kasp.tests_kasp" name="test_kasp_inherit_signed[override.inherit.unsigned]" time="0.104" /><testcase classname="checkds.tests_checkds" name="test_checkds[resolver.explicit.dsremoved.ns5]" time="0.103" /><testcase classname="kasp.tests_kasp" name="test_kasp_inherit_signed[inherit.override.unsigned]" time="0.101" /><testcase classname="checkds.tests_checkds" name="test_checkds[no-ent.ns2]" time="1.227" /><testcase classname="kasp.tests_kasp" name="test_kasp_inherit_signed[inherit.inherit.signed]" time="0.111" /><testcase classname="kasp.tests_kasp" name="test_kasp_inherit_signed[override.override.signed]" time="0.111" /><testcase classname="kasp.tests_kasp" name="test_kasp_inherit_signed[override.none.signed]" time="0.101" /><testcase classname="kasp.tests_kasp" name="test_kasp_inherit_signed[override.override.unsigned]" time="0.107" /><testcase classname="xfer.tests_xfer" name="test_multi_message_uncompressable_zone_transfers" time="0.299" /><testcase classname="kasp.tests_kasp" name="test_kasp_inherit_signed[override.none.unsigned]" time="0.111" /><testcase classname="kasp.tests_kasp" name="test_kasp_inherit_view[1]" time="0.106" /><testcase classname="kasp.tests_kasp" name="test_kasp_inherit_view[2]" time="0.104" /><testcase classname="xfer.tests_xfer" name="test_make_ns4_secondary_for_nil" time="0.007" /><testcase classname="xfer.tests_xfer" name="test_handle_ixfr_notimp" time="0.117" /><testcase classname="kasp.tests_kasp" name="test_kasp_inherit_view[3]" time="0.097" /><testcase classname="xfer.tests_xfer" name="test_under_signed_transfer[unsigned]" time="0.116" /><testcase classname="kasp.tests_kasp" name="test_kasp_default" time="1.447" /><testcase classname="xfer.tests_xfer" name="test_under_signed_transfer[badkeydata]" time="0.126" /><testcase classname="xfer.tests_xfer" name="test_under_signed_transfer[partial]" time="0.130" /><testcase classname="checkds.tests_checkds" name="test_checkds[no-ent.ns5]" time="0.099" /><testcase classname="xfer.tests_xfer" name="test_under_signed_transfer[unknownkey]" time="0.118" /><testcase classname="checkds.tests_checkds" name="test_checkds[good.explicit.dspublish.ns2]" time="0.102" /><testcase classname="xfer.tests_xfer" name="test_under_signed_transfer[wrongkey]" time="0.116" /><testcase classname="checkds.tests_checkds" name="test_checkds[not-yet.explicit.dspublish.ns5]" time="0.102" /><testcase classname="checkds.tests_checkds" name="test_checkds[bad.explicit.dspublish.ns6]" time="0.107" /><testcase classname="xfer.tests_xfer" name="test_under_signed_transfer[wrongname]" time="0.115" /><testcase classname="checkds.tests_checkds" name="test_checkds[good.explicit.dspublish.ns2-4]" time="0.100" /><testcase classname="xfer.tests_xfer" name="test_under_signed_transfer[badmessageid]" time="0.117" /><testcase classname="checkds.tests_checkds" name="test_checkds[incomplete.explicit.dspublish.ns2-4-5]" time="0.100" /><testcase classname="xfer.tests_xfer" name="test_under_signed_transfer[soamismatch]" time="0.115" /><testcase classname="checkds.tests_checkds" name="test_checkds[bad.explicit.dspublish.ns2-4-6]" time="0.098" /><testcase classname="xfer.tests_xfer" name="test_handle_edns_notimp" time="0.116" /><testcase classname="checkds.tests_checkds" name="test_checkds[good.yes.dspublish.ns2]" time="0.100" /><testcase classname="xfer.tests_xfer" name="test_handle_edns_formerr" time="0.117" /><testcase classname="checkds.tests_checkds" name="test_checkds[not-yet.yes.dspublish.ns5]" time="0.102" /><testcase classname="xfer.tests_xfer" name="test_edns_expire_from_secondary" time="0.004" /><testcase classname="xfer.tests_xfer" name="test_edns_expire_refresh" time="1.018" /><testcase classname="checkds.tests_checkds" name="test_checkds[bad.yes.dspublish.ns6]" time="0.095" /><testcase classname="checkds.tests_checkds" name="test_checkds[good.yes.dspublish.ns2-4]" time="0.096" /><testcase classname="checkds.tests_checkds" name="test_checkds[incomplete.yes.dspublish.ns2-4-5]" time="0.099" /><testcase classname="kasp.tests_kasp" name="test_kasp_dynamic" time="6.420" /><testcase classname="checkds.tests_checkds" name="test_checkds[bad.yes.dspublish.ns2-4-6]" time="0.096" /><testcase classname="checkds.tests_checkds" name="test_checkds[good.explicit.dsremoved.ns5]" time="0.102" /><testcase classname="checkds.tests_checkds" name="test_checkds[still-there.explicit.dsremoved.ns2]" time="0.101" /><testcase classname="checkds.tests_checkds" name="test_checkds[bad.explicit.dsremoved.ns6]" time="0.107" /><testcase classname="checkds.tests_checkds" name="test_checkds[good.explicit.dsremoved.ns5-7]" time="0.110" /><testcase classname="checkds.tests_checkds" name="test_checkds[incomplete.explicit.dsremoved.ns2-5-7]" time="0.112" /><testcase classname="checkds.tests_checkds" name="test_checkds[bad.explicit.dsremoved.ns5-6-7]" time="0.104" /><testcase classname="xfer.tests_xfer" name="test_tcp_message_compression_makes_difference" time="0.292" /><testcase classname="checkds.tests_checkds" name="test_checkds[good.yes.dsremoved.ns5]" time="0.097" /><testcase classname="checkds.tests_checkds" name="test_checkds[still-there.yes.dsremoved.ns2]" time="0.103" /><testcase classname="checkds.tests_checkds" name="test_checkds[bad.yes.dsremoved.ns6]" time="0.095" /><testcase classname="xfer.tests_xfer" name="test_mapped_zone" time="1.178" /><testcase classname="checkds.tests_checkds" name="test_checkds[good.yes.dsremoved.ns5-7]" time="0.102" /><testcase classname="checkds.tests_checkds" name="test_checkds[incomplete.yes.dsremoved.ns2-5-7]" time="0.111" /><testcase classname="checkds.tests_checkds" name="test_checkds[bad.yes.dsremoved.ns5-6-7]" time="0.108" /><testcase classname="checkds.tests_checkds" name="test_checkds[good.no.dspublish.ns2]" time="0.108" /><testcase classname="checkds.tests_checkds" name="test_checkds[good.no.dspublish.ns2-4]" time="0.110" /><testcase classname="checkds.tests_checkds" name="test_checkds[good.no.dsremoved.ns5]" time="0.108" /><testcase classname="checkds.tests_checkds" name="test_checkds[good.no.dsremoved.ns5-7]" time="1.209" /><testcase classname="xfer.tests_xfer" name="test_axfr_too_many_records" time="0.006" /><testcase classname="xfer.tests_xfer" name="test_ixfr_too_many_records" time="0.081" /><testcase classname="xfer.tests_xfer" name="test_dig_and_named_axfr_stats" time="0.052" /><testcase classname="xfer.tests_xfer" name="test_transfer_source_option_uses_port_option_correctly" time="0.006" /><testcase classname="xfer.tests_xfer" name="test_xot_primary_try_next" time="0.235" /><testcase classname="xfer.tests_xfer" name="test_reconfiguration_when_zone_transfer_is_in_the_middle_of_soa_query" time="5.074" /><testcase classname="qpcache_rrsig_any.tests_qpcache_rrsig_any" name="test_rrsig_covers_metatype_is_servfail[ANY]" time="0.361" /><testcase classname="qpcache_rrsig_any.tests_qpcache_rrsig_any" name="test_rrsig_covers_metatype_is_servfail[AXFR]" time="0.003" /><testcase classname="qpcache_rrsig_any.tests_qpcache_rrsig_any" name="test_rrsig_covers_metatype_is_servfail[IXFR]" time="0.002" /><testcase classname="qpcache_rrsig_any.tests_qpcache_rrsig_any" name="test_rrsig_covers_metatype_is_servfail[MAILA]" time="0.003" /><testcase classname="qpcache_rrsig_any.tests_qpcache_rrsig_any" name="test_rrsig_covers_metatype_is_servfail[MAILB]" time="0.002" /><testcase classname="qpcache_rrsig_any.tests_qpcache_rrsig_any" name="test_rrsig_covers_metatype_is_servfail[OPT]" time="0.002" /><testcase classname="qpcache_rrsig_any.tests_qpcache_rrsig_any" name="test_rrsig_covers_metatype_is_servfail[TSIG]" time="0.003" /><testcase classname="qpcache_rrsig_any.tests_qpcache_rrsig_any" name="test_rrsig_covers_metatype_is_servfail[TKEY]" time="0.003" /><testcase classname="qpcache_rrsig_any.tests_qpcache_rrsig_any" name="test_dig_nobesteffort_rejects_malformed_rrsig[ANY]" time="0.013" /><testcase classname="qpcache_rrsig_any.tests_qpcache_rrsig_any" name="test_dig_nobesteffort_rejects_malformed_rrsig[AXFR]" time="0.010" /><testcase classname="qpcache_rrsig_any.tests_qpcache_rrsig_any" name="test_dig_nobesteffort_rejects_malformed_rrsig[IXFR]" time="0.011" /><testcase classname="qpcache_rrsig_any.tests_qpcache_rrsig_any" name="test_dig_nobesteffort_rejects_malformed_rrsig[MAILA]" time="0.010" /><testcase classname="qpcache_rrsig_any.tests_qpcache_rrsig_any" name="test_dig_nobesteffort_rejects_malformed_rrsig[MAILB]" time="0.010" /><testcase classname="qpcache_rrsig_any.tests_qpcache_rrsig_any" name="test_dig_nobesteffort_rejects_malformed_rrsig[OPT]" time="0.011" /><testcase classname="qpcache_rrsig_any.tests_qpcache_rrsig_any" name="test_dig_nobesteffort_rejects_malformed_rrsig[TSIG]" time="0.014" /><testcase classname="qpcache_rrsig_any.tests_qpcache_rrsig_any" name="test_dig_nobesteffort_rejects_malformed_rrsig[TKEY]" time="0.010" /><testcase classname="qpcache_rrsig_any.tests_qpcache_rrsig_any" name="test_dig_besteffort_shows_malformed_rrsig[ANY]" time="0.010" /><testcase classname="qpcache_rrsig_any.tests_qpcache_rrsig_any" name="test_dig_besteffort_shows_malformed_rrsig[AXFR]" time="0.010" /><testcase classname="qpcache_rrsig_any.tests_qpcache_rrsig_any" name="test_dig_besteffort_shows_malformed_rrsig[IXFR]" time="0.010" /><testcase classname="qpcache_rrsig_any.tests_qpcache_rrsig_any" name="test_dig_besteffort_shows_malformed_rrsig[MAILA]" time="0.013" /><testcase classname="qpcache_rrsig_any.tests_qpcache_rrsig_any" name="test_dig_besteffort_shows_malformed_rrsig[MAILB]" time="0.010" /><testcase classname="qpcache_rrsig_any.tests_qpcache_rrsig_any" name="test_dig_besteffort_shows_malformed_rrsig[OPT]" time="0.010" /><testcase classname="qpcache_rrsig_any.tests_qpcache_rrsig_any" name="test_dig_besteffort_shows_malformed_rrsig[TSIG]" time="0.010" /><testcase classname="qpcache_rrsig_any.tests_qpcache_rrsig_any" name="test_dig_besteffort_shows_malformed_rrsig[TKEY]" time="2.043" /><testcase classname="tools.tests_tools_nsec3hash" name="test_nsec3_hashes[*.w.example-R53BQ7CC2UVMUBFU5OCMM6PERS9TK9EN]" time="0.055" /><testcase classname="tools.tests_tools_nsec3hash" name="test_nsec3_hashes[2t7b4g4vsa5smi47k61mv5bv1a22bojr.example-KOHAR7MBB8DC2CE8A9QVL8HON4K53UHI]" time="0.016" /><testcase classname="tools.tests_tools_nsec3hash" name="test_nsec3_hashes[a.example-35MTHGPGCU1QG68FAB165KLNSNK3DPVL]" time="0.014" /><testcase classname="tools.tests_tools_nsec3hash" name="test_nsec3_hashes[ai.example-GJEQE526PLBF1G8MKLP59ENFD789NJGI]" time="0.014" /><testcase classname="tools.tests_tools_nsec3hash" name="test_nsec3_hashes[example-0P9MHAVEQVM6T7VBL5LOP2U3T2RP3TOM]" time="0.015" /><testcase classname="tools.tests_tools_nsec3hash" name="test_nsec3_hashes[ns1.example-2T7B4G4VSA5SMI47K61MV5BV1A22BOJR]" time="0.014" /><testcase classname="tools.tests_tools_nsec3hash" name="test_nsec3_hashes[ns2.example-Q04JKCEVQVMU85R014C7DKBA38O0JI5R]" time="0.015" /><testcase classname="tools.tests_tools_nsec3hash" name="test_nsec3_hashes[w.example-K8UDEMVP1J2F7EG6JEBPS17VP3N8I58H]" time="0.015" /><testcase classname="tools.tests_tools_nsec3hash" name="test_nsec3_hashes[x.w.example-B4UM86EGHHDS6NEA196SMVMLO4ORS995]" time="0.014" /><testcase classname="tools.tests_tools_nsec3hash" name="test_nsec3_hashes[x.y.w.example-2VPTU5TIMAMQTTGL4LUU9KG21E0AOR3S]" time="0.014" /><testcase classname="tools.tests_tools_nsec3hash" name="test_nsec3_hashes[xx.example-T644EBQK9BIBCNA874GIVR6JOJ62MLHV]" time="0.013" /><testcase classname="tools.tests_tools_nsec3hash" name="test_nsec3_hashes[y.w.example-JI6NEOAEPV8B5O6K4EV33ABHA8HT9FGC]" time="0.015" /><testcase classname="tools.tests_tools_nsec3hash" name="test_nsec3_empty_salt[salt_emptiness_args0]" time="0.007" /><testcase classname="tools.tests_tools_nsec3hash" name="test_nsec3_empty_salt[salt_emptiness_args1]" time="0.008" /><testcase classname="tools.tests_tools_nsec3hash" name="test_nsec3_empty_salt[salt_emptiness_args2]" time="0.010" /><testcase classname="tools.tests_tools_nsec3hash" name="test_nsec3_empty_salt[salt_emptiness_args3]" time="0.010" /><testcase classname="tools.tests_tools_nsec3hash" name="test_nsec3_empty_salt_r[]" time="0.009" /><testcase classname="tools.tests_tools_nsec3hash" name="test_nsec3_empty_salt_r[-]" time="0.009" /><testcase classname="tools.tests_tools_nsec3hash" name="test_nsec3_missing_args[args0]" time="0.008" /><testcase classname="tools.tests_tools_nsec3hash" name="test_nsec3_missing_args[args1]" time="0.008" /><testcase classname="tools.tests_tools_nsec3hash" name="test_nsec3_bad_option" time="0.008" /><testcase classname="tools.tests_tools_nsec3hash" name="test_nsec3hash_acceptable_values" time="1.384" /><testcase classname="kasp.tests_kasp" name="test_kasp_cds_cdnskey" time="0.239" /><testcase classname="kasp.tests_kasp" name="test_kasp_checkds" time="0.124" /><testcase classname="kasp.tests_kasp" name="test_kasp_checkds_doubleksk" time="0.159" /><testcase classname="kasp.tests_kasp" name="test_kasp_checkds_csk" time="0.116" /><testcase classname="kasp.tests_kasp" name="test_kasp_special_characters" time="0.082" /><testcase classname="kasp.tests_kasp" name="test_kasp_insecure" time="0.026" /><testcase classname="kasp.tests_kasp" name="test_kasp_bad_maxzonettl" time="0.005" /><testcase classname="kasp.tests_kasp" name="test_kasp_dnssec_keygen" time="0.993" /><testcase classname="tools.tests_tools_nsec3hash" name="test_nsec3hash_salt_too_long" time="0.065" /><testcase classname="tools.tests_tools_nsec3hash" name="test_nsec3hash_too_many_iterations" time="0.073" /><testcase classname="formerr.tests_formerr" name="test_formerr[nametoolong]" time="0.152" /><testcase classname="formerr.tests_formerr" name="test_formerr[twoquestionnames]" time="0.001" /><testcase classname="formerr.tests_formerr" name="test_formerr[twoquestiontypes]" time="0.002" /><testcase classname="formerr.tests_formerr" name="test_formerr[dupquestion]" time="0.002" /><testcase classname="formerr.tests_formerr" name="test_formerr[dupans]" time="0.002" /><testcase classname="formerr.tests_formerr" name="test_formerr[qtypeasanswer]" time="0.001" /><testcase classname="formerr.tests_formerr" name="test_formerr[noquestions]" time="0.001" /><testcase classname="formerr.tests_formerr" name="test_formerr[badnsec3owner]" time="0.001" /><testcase classname="formerr.tests_formerr" name="test_formerr[shortrecord]" time="0.001" /><testcase classname="formerr.tests_formerr" name="test_formerr[shortquestion]" time="0.002" /><testcase classname="formerr.tests_formerr" name="test_formerr[twoquestionclasses]" time="0.001" /><testcase classname="formerr.tests_formerr" name="test_formerr[badrecordname]" time="0.001" /><testcase classname="formerr.tests_formerr" name="test_formerr[wrongclass]" time="0.001" /><testcase classname="formerr.tests_formerr" name="test_formerr[keyclass]" time="0.001" /><testcase classname="formerr.tests_formerr" name="test_formerr[optwrongname]" time="0.002" /><testcase classname="formerr.tests_formerr" name="test_formerr[malformedrrsig]" time="0.001" /><testcase classname="formerr.tests_formerr" name="test_formerr[malformeddeltype]" time="0.001" /><testcase classname="formerr.tests_formerr" name="test_formerr[tsigwrongclass]" time="0.001" /><testcase classname="formerr.tests_formerr" name="test_formerr[tsignotlast]" time="1.016" /><testcase classname="xfer.tests_xfer" name="test_malformed_private_dns_identifier_overrun" time="0.008" /><testcase classname="xfer.tests_xfer" name="test_ixfr_race" time="2.153" /><testcase classname="kasp.tests_kasp" name="test_kasp_zsk_retired" time="1.188" /><testcase classname="rndc_confgen.tests_rndc_confgen" name="test_rndc_confgen_default" time="0.027" /><testcase classname="rndc_confgen.tests_rndc_confgen" name="test_rndc_confgen_keyname_with_dots" time="0.008" /><testcase classname="rndc_confgen.tests_rndc_confgen" name="test_rndc_confgen_escapes_injection" time="0.008" /><testcase classname="rndc_confgen.tests_rndc_confgen" name="test_rndc_confgen_rejects_to_big_label" time="0.007" /><testcase classname="rndc_confgen.tests_rndc_confgen" name="test_tsig_keygen_default" time="0.009" /><testcase classname="rndc_confgen.tests_rndc_confgen" name="test_tsig_keygen_escapes_injection" time="0.008" /><testcase classname="rndc_confgen.tests_rndc_confgen" name="test_rndc_confgen_hmac_keysize[hmac-sha256-1]" time="0.008" /><testcase classname="rndc_confgen.tests_rndc_confgen" name="test_rndc_confgen_hmac_keysize[hmac-sha256-256]" time="0.008" /><testcase classname="rndc_confgen.tests_rndc_confgen" name="test_rndc_confgen_hmac_keysize[hmac-sha256-512]" time="0.008" /><testcase classname="rndc_confgen.tests_rndc_confgen" name="test_rndc_confgen_hmac_keysize[hmac-sha384-1]" time="0.007" /><testcase classname="rndc_confgen.tests_rndc_confgen" name="test_rndc_confgen_hmac_keysize[hmac-sha384-384]" time="0.011" /><testcase classname="rndc_confgen.tests_rndc_confgen" name="test_rndc_confgen_hmac_keysize[hmac-sha384-513]" time="0.009" /><testcase classname="digdelv.tests_dig" name="test_next_server_after_network_unreachable[tcp]" time="30.068" /><testcase classname="rndc_confgen.tests_rndc_confgen" name="test_rndc_confgen_hmac_keysize[hmac-sha384-768]" time="0.008" /><testcase classname="rndc_confgen.tests_rndc_confgen" name="test_rndc_confgen_hmac_keysize[hmac-sha384-1024]" time="0.008" /><testcase classname="rndc_confgen.tests_rndc_confgen" name="test_rndc_confgen_hmac_keysize[hmac-sha512-1]" time="0.008" /><testcase classname="rndc_confgen.tests_rndc_confgen" name="test_rndc_confgen_hmac_keysize[hmac-sha512-512]" time="0.008" /><testcase classname="rndc_confgen.tests_rndc_confgen" name="test_rndc_confgen_hmac_keysize[hmac-sha512-513]" time="0.008" /><testcase classname="rndc_confgen.tests_rndc_confgen" name="test_rndc_confgen_hmac_keysize[hmac-sha512-1024]" time="0.025" /><testcase classname="kasp.tests_kasp" name="test_kasp_purge_keys" time="0.199" /><testcase classname="cipher_suites.tests_cipher_suites" name="test_cipher_suites_tls_xfer[example.-2-0]" time="0.849" /><testcase classname="kasp.tests_kasp" name="test_kasp_reload_restart" time="2.178" /><testcase classname="cipher_suites.tests_cipher_suites" name="test_cipher_suites_tls_xfer[example.-3-0]" time="0.021" /><testcase classname="cipher_suites.tests_cipher_suites" name="test_cipher_suites_tls_xfer[example.-4-0]" time="0.024" /><testcase classname="cipher_suites.tests_cipher_suites" name="test_cipher_suites_tls_xfer[example-aes-128.-2-0]" time="0.024" /><testcase classname="cipher_suites.tests_cipher_suites" name="test_cipher_suites_tls_xfer[example-aes-256.-3-0]" time="0.022" /><testcase classname="cipher_suites.tests_cipher_suites" name="test_cipher_suites_tls_xfer[example-chacha-20.-4-0]" time="0.022" /><testcase classname="cipher_suites.tests_cipher_suites" name="test_cipher_suites_tls_xfer[example-aes-256-2-2]" time="0.015" /><testcase classname="cipher_suites.tests_cipher_suites" name="test_cipher_suites_tls_xfer[example-chacha-20-2-2]" time="0.014" /><testcase classname="cipher_suites.tests_cipher_suites" name="test_cipher_suites_tls_xfer[example-aes-128-3-2]" time="0.014" /><testcase classname="cipher_suites.tests_cipher_suites" name="test_cipher_suites_tls_xfer[example-chacha-20-3-2]" time="0.015" /><testcase classname="cipher_suites.tests_cipher_suites" name="test_cipher_suites_tls_xfer[example-aes-128-4-2]" time="0.017" /><testcase classname="cipher_suites.tests_cipher_suites" name="test_cipher_suites_tls_xfer[example-aes-256-4-2]" time="0.016" /><testcase classname="cipher_suites.tests_cipher_suites" name="test_cipher_suites_tls_xfer[example-5-2]" time="0.015" /><testcase classname="cipher_suites.tests_cipher_suites" name="test_cipher_suites_tls_xfer[example-aes-128-5-2]" time="0.019" /><testcase classname="cipher_suites.tests_cipher_suites" name="test_cipher_suites_tls_xfer[example-aes-256-5-2]" time="0.019" /><testcase classname="cipher_suites.tests_cipher_suites" name="test_cipher_suites_tls_xfer[example-chacha-20-5-2]" time="1.041" /><testcase classname="nsec3.tests_nsec3_initial" name="test_nsec_case[nsec-to-nsec3.kasp]" time="1.331" /><testcase classname="nsec3.tests_nsec3_initial" name="test_nsec_case[rsasha1-to-nsec3.kasp]" time="0.115" /><testcase classname="nsec3.tests_nsec3_initial" name="test_nsec_case[rsasha1-to-nsec3-wait.kasp]" time="0.101" /><testcase classname="nsec3.tests_nsec3_initial" name="test_nsec_case[nsec3-xfr-inline.kasp]" time="0.088" /><testcase classname="nsec3.tests_nsec3_initial" name="test_nsec_case[nsec3-dynamic-update-inline.kasp]" time="0.089" /><testcase classname="nsec3.tests_nsec3_initial" name="test_nsec3_case[nsec3-to-rsasha1.kasp]" time="0.113" /><testcase classname="nsec3.tests_nsec3_initial" name="test_nsec3_case[nsec3-to-rsasha1-ds.kasp]" time="0.101" /><testcase classname="kasp.tests_kasp" name="test_kasp_manual_mode" time="0.716" /><testcase classname="nsec3.tests_nsec3_initial" name="test_nsec3_case[nsec3.kasp]" time="0.085" /><testcase classname="nsec3.tests_nsec3_initial" name="test_nsec3_case[nsec3-dynamic.kasp]" time="0.094" /><testcase classname="nsec3.tests_nsec3_initial" name="test_nsec3_case[nsec3-change.kasp]" time="0.096" /><testcase classname="nsec3.tests_nsec3_initial" name="test_nsec3_case[nsec3-dynamic-change.kasp]" time="0.096" /><testcase classname="nsec3.tests_nsec3_initial" name="test_nsec3_case[nsec3-dynamic-to-inline.kasp]" time="0.090" /><testcase classname="nsec3.tests_nsec3_initial" name="test_nsec3_case[nsec3-inline-to-dynamic.kasp]" time="0.095" /><testcase classname="nsec3.tests_nsec3_initial" name="test_nsec3_case[nsec3-to-nsec.kasp]" time="0.091" /><testcase classname="nsec3.tests_nsec3_initial" name="test_nsec3_case[nsec3-to-optout.kasp]" time="0.087" /><testcase classname="kasp.tests_kasp" name="test_root_case" time="1.179" /><testcase classname="nsec3.tests_nsec3_initial" name="test_nsec3_case[nsec3-from-optout.kasp]" time="0.099" /><testcase classname="nsec3.tests_nsec3_initial" name="test_nsec3_case[nsec3-other.kasp]" time="2.135" /><testcase classname="rollover_csk_roll1.tests_rollover_csk_roll1" name="test_csk_roll1_step1[autosign]" time="2.977" /><testcase classname="rollover_csk_roll1.tests_rollover_csk_roll1" name="test_csk_roll1_step1[manual]" time="0.127" /><testcase classname="rpzextra.tests_rpzextra" name="test_rpz_multiple_views[baddomain.-10.53.0.1-3]" time="0.281" /><testcase classname="rpzextra.tests_rpzextra" name="test_rpz_multiple_views[gooddomain.-10.53.0.1-0]" time="0.004" /><testcase classname="rpzextra.tests_rpzextra" name="test_rpz_multiple_views[allowed.-10.53.0.1-0]" time="0.004" /><testcase classname="rpzextra.tests_rpzextra" name="test_rpz_multiple_views[baddomain.-10.53.0.2-0]" time="0.003" /><testcase classname="rpzextra.tests_rpzextra" name="test_rpz_multiple_views[gooddomain.-10.53.0.2-0]" time="0.004" /><testcase classname="rpzextra.tests_rpzextra" name="test_rpz_multiple_views[allowed.-10.53.0.2-3]" time="0.004" /><testcase classname="rpzextra.tests_rpzextra" name="test_rpz_multiple_views[baddomain.-10.53.0.3-0]" time="0.004" /><testcase classname="rpzextra.tests_rpzextra" name="test_rpz_multiple_views[gooddomain.-10.53.0.3-0]" time="0.004" /><testcase classname="rpzextra.tests_rpzextra" name="test_rpz_multiple_views[allowed.-10.53.0.3-0]" time="0.006" /><testcase classname="rpzextra.tests_rpzextra" name="test_rpz_multiple_views[baddomain.-10.53.0.4-3]" time="0.003" /><testcase classname="rpzextra.tests_rpzextra" name="test_rpz_multiple_views[gooddomain.-10.53.0.4-3]" time="0.004" /><testcase classname="rpzextra.tests_rpzextra" name="test_rpz_multiple_views[allowed.-10.53.0.4-0]" time="0.004" /><testcase classname="rpzextra.tests_rpzextra" name="test_rpz_multiple_views[baddomain.-10.53.0.5-0]" time="0.004" /><testcase classname="rpzextra.tests_rpzextra" name="test_rpz_multiple_views[gooddomain.-10.53.0.5-3]" time="0.004" /><testcase classname="rpzextra.tests_rpzextra" name="test_rpz_multiple_views[allowed.-10.53.0.5-3]" time="0.005" /><testcase classname="rpzextra.tests_rpzextra" name="test_rpz_passthru_logging" time="1.021" /><testcase classname="rollover_csk_roll1.tests_rollover_csk_roll1" name="test_csk_roll1_step2[autosign]" time="0.155" /><testcase classname="rollover_csk_roll1.tests_rollover_csk_roll1" name="test_csk_roll1_step2[manual]" time="0.388" /><testcase classname="rollover_csk_roll1.tests_rollover_csk_roll1" name="test_csk_roll1_step3[autosign]" time="0.165" /><testcase classname="rollover_csk_roll1.tests_rollover_csk_roll1" name="test_csk_roll1_step3[manual]" time="0.561" /><testcase classname="rollover_csk_roll1.tests_rollover_csk_roll1" name="test_csk_roll1_step4[autosign]" time="0.178" /><testcase classname="class.tests_class_update" name="test_class_invalid[33-254-0-\x00\x00\x00\x00\x00\x00\x01]" time="0.412" /><testcase classname="class.tests_class_update" name="test_class_invalid[33-254-0-\x00]" time="0.006" /><testcase classname="class.tests_class_update" name="test_class_invalid[36-254-0-]" time="0.007" /><testcase classname="class.tests_class_update" name="test_class_invalid[26-254-0-]" time="0.006" /><testcase classname="class.tests_class_update" name="test_class_invalid[22-254-0-]" time="0.005" /><testcase classname="class.tests_class_update" name="test_class_invalid[23-254-0-]" time="0.005" /><testcase classname="class.tests_class_update" name="test_class_invalid[31-254-0-]" time="0.004" /><testcase classname="class.tests_class_update" name="test_class_chaosupdate[64-\\# 02 0000]" time="0.005" /><testcase classname="rollover_csk_roll1.tests_rollover_csk_roll1" name="test_csk_roll1_step4[manual]" time="0.389" /><testcase classname="class.tests_class_update" name="test_class_chaosupdate[11-\\# 02 4142]" time="0.002" /><testcase classname="class.tests_class_update" name="test_class_chaosupdate[11-\\# 02 4344]" time="0.002" /><testcase classname="class.tests_class_update" name="test_class_undefined" time="0.005" /><testcase classname="class.tests_class_update" name="test_class_zero" time="0.004" /><testcase classname="class.tests_class_update" name="test_class_any" time="0.004" /><testcase classname="class.tests_class_update" name="test_class_none" time="1.029" /><testcase classname="dnssec_py.tests_nsec3_answer" name="test_nodata[ns2]" time="1.002" /><testcase classname="dnssec_py.tests_nsec3_answer" name="test_nodata[ns9]" time="0.058" /><testcase classname="dnssec_py.tests_nsec3_answer" name="test_nodata_ds[ns2]" time="0.509" /><testcase classname="rollover_csk_roll1.tests_rollover_csk_roll1" name="test_csk_roll1_step5[autosign]" time="0.158" /><testcase classname="rollover_csk_roll1.tests_rollover_csk_roll1" name="test_csk_roll1_step5[manual]" time="0.149" /><testcase classname="rollover_csk_roll1.tests_rollover_csk_roll1" name="test_csk_roll1_step6[autosign]" time="0.144" /><testcase classname="rollover_csk_roll1.tests_rollover_csk_roll1" name="test_csk_roll1_step6[manual]" time="0.004" /><testcase classname="rollover_csk_roll1.tests_rollover_csk_roll1" name="test_csk_roll1_step7[autosign]" time="0.143" /><testcase classname="dnssec_py.tests_nsec3_answer" name="test_nxdomain[ns2]" time="0.637" /><testcase classname="rollover_csk_roll1.tests_rollover_csk_roll1" name="test_csk_roll1_step7[manual]" time="0.142" /><testcase classname="rollover_csk_roll1.tests_rollover_csk_roll1" name="test_csk_roll1_step8[autosign]" time="0.118" /><testcase classname="rollover_csk_roll1.tests_rollover_csk_roll1" name="test_csk_roll1_step8[manual]" time="1.157" /><testcase classname="dnssec_py.tests_nsec3_answer" name="test_nxdomain[ns9]" time="0.935" /><testcase classname="dnssec_py.tests_nsec3_answer" name="test_cname_nxdomain[ns2]" time="0.013" /><testcase classname="dnssec_py.tests_nsec3_answer" name="test_cname_nxdomain[ns9]" time="0.015" /><testcase classname="dnssec_py.tests_nsec3_answer" name="test_dname_nxdomain[ns2]" time="0.926" /><testcase classname="dnssec_py.tests_nsec3_answer" name="test_dname_nxdomain[ns9]" time="1.194" /><testcase classname="rollover_csk_roll2.tests_rollover_csk_roll2" name="test_csk_roll2_step1[autosign]" time="3.169" /><testcase classname="rollover_csk_roll2.tests_rollover_csk_roll2" name="test_csk_roll2_step1[manual]" time="0.141" /><testcase classname="nsec3.tests_nsec3_reconfig" name="test_nsec_case[rsasha1-to-nsec3.kasp]" time="2.034" /><testcase classname="rollover_csk_roll2.tests_rollover_csk_roll2" name="test_csk_roll2_step2[autosign]" time="0.184" /><testcase classname="nsec3.tests_nsec3_reconfig" name="test_nsec_case[rsasha1-to-nsec3-wait.kasp]" time="0.132" /><testcase classname="rollover_csk_roll2.tests_rollover_csk_roll2" name="test_csk_roll2_step2[manual]" time="0.422" /><testcase classname="nsec3.tests_nsec3_reconfig" name="test_nsec_case[nsec3-to-rsasha1.kasp]" time="0.142" /><testcase classname="dnssec_py.tests_nsec3_answer" name="test_ents[ns2]" time="1.433" /><testcase classname="nsec3.tests_nsec3_reconfig" name="test_nsec_case[nsec3-to-rsasha1-ds.kasp]" time="0.125" /><testcase classname="nsec3.tests_nsec3_reconfig" name="test_nsec_case[nsec3-to-nsec.kasp]" time="0.090" /><testcase classname="nsec3.tests_nsec3_reconfig" name="test_nsec3_case[nsec-to-nsec3.kasp]" time="0.091" /><testcase classname="rollover_csk_roll2.tests_rollover_csk_roll2" name="test_csk_roll2_step3[autosign]" time="0.195" /><testcase classname="nsec3.tests_nsec3_reconfig" name="test_nsec3_case[nsec3.kasp]" time="0.086" /><testcase classname="nsec3.tests_nsec3_reconfig" name="test_nsec3_case[nsec3-dynamic.kasp]" time="0.091" /><testcase classname="rollover_csk_roll2.tests_rollover_csk_roll2" name="test_csk_roll2_step3[manual]" time="0.494" /><testcase classname="nsec3.tests_nsec3_reconfig" name="test_nsec3_case[nsec3-dynamic-change.kasp]" time="0.089" /><testcase classname="nsec3.tests_nsec3_reconfig" name="test_nsec3_case[nsec3-dynamic-to-inline.kasp]" time="0.091" /><testcase classname="nsec3.tests_nsec3_reconfig" name="test_nsec3_case[nsec3-inline-to-dynamic.kasp]" time="0.091" /><testcase classname="nsec3.tests_nsec3_reconfig" name="test_nsec3_case[nsec3-other.kasp]" time="0.093" /><testcase classname="nsec3.tests_nsec3_reconfig" name="test_nsec3_ent" time="4.367" /><testcase classname="rollover_csk_roll2.tests_rollover_csk_roll2" name="test_csk_roll2_step4[autosign]" time="0.178" /><testcase classname="rollover_csk_roll2.tests_rollover_csk_roll2" name="test_csk_roll2_step4[manual]" time="0.179" /><testcase classname="rollover_csk_roll2.tests_rollover_csk_roll2" name="test_csk_roll2_step5[autosign]" time="0.169" /><testcase classname="dnssec_py.tests_nsec3_answer" name="test_ents[ns9]" time="1.663" /><testcase classname="rollover_csk_roll2.tests_rollover_csk_roll2" name="test_csk_roll2_step5[manual]" time="0.482" /><testcase classname="rollover_csk_roll2.tests_rollover_csk_roll2" name="test_csk_roll2_step6[autosign]" time="0.183" /><testcase classname="rollover_csk_roll2.tests_rollover_csk_roll2" name="test_csk_roll2_step6[manual]" time="0.183" /><testcase classname="rollover_csk_roll2.tests_rollover_csk_roll2" name="test_csk_roll2_step7[autosign]" time="0.163" /><testcase classname="rollover_csk_roll2.tests_rollover_csk_roll2" name="test_csk_roll2_step7[manual]" time="1.201" /><testcase classname="dnssec_py.tests_nsec3_answer" name="test_wildcard_synthesis[ns2]" time="0.691" /><testcase classname="dnssec_py.tests_nsec3_answer" name="test_wildcard_synthesis[ns9]" time="0.776" /><testcase classname="dnssec_py.tests_nsec3_answer" name="test_wildcard_nodata[ns2]" time="0.625" /><testcase classname="dnssec_py.tests_nsec3_answer" name="test_wildcard_nodata[ns9]" time="3.039" /><testcase classname="nta.tests_nta" name="test_initial" time="1.448" /><testcase classname="nta.tests_nta" name="test_nta_validate_except" time="0.014" /><testcase classname="nta.tests_nta" name="test_nta_bogus_lifetimes" time="0.037" /><testcase classname="nta.tests_nta" name="test_nta_install" time="0.279" /><testcase classname="nta.tests_nta" name="test_nta_behavior" time="21.026" /><testcase classname="rollover_algo_csk.tests_rollover_algo_csk_reconfig" name="test_algoroll_csk_reconfig_step1[kasp]" time="4.365" /><testcase classname="rollover_algo_csk.tests_rollover_algo_csk_reconfig" name="test_algoroll_csk_reconfig_step1[manual]" time="0.384" /><testcase classname="rollover_algo_csk.tests_rollover_algo_csk_reconfig" name="test_algoroll_csk_reconfig_step2[kasp]" time="0.177" /><testcase classname="rollover_algo_csk.tests_rollover_algo_csk_reconfig" name="test_algoroll_csk_reconfig_step2[manual]" time="0.184" /><testcase classname="rollover_algo_csk.tests_rollover_algo_csk_reconfig" name="test_algoroll_csk_reconfig_step3[kasp]" time="0.192" /><testcase classname="rollover_algo_csk.tests_rollover_algo_csk_reconfig" name="test_algoroll_csk_reconfig_step3[manual]" time="0.547" /><testcase classname="rollover_algo_csk.tests_rollover_algo_csk_reconfig" name="test_algoroll_csk_reconfig_step4[kasp]" time="0.156" /><testcase classname="rollover_algo_csk.tests_rollover_algo_csk_reconfig" name="test_algoroll_csk_reconfig_step4[manual]" time="0.398" /><testcase classname="rollover_algo_csk.tests_rollover_algo_csk_reconfig" name="test_algoroll_csk_reconfig_step5[kasp]" time="0.151" /><testcase classname="rollover_algo_csk.tests_rollover_algo_csk_reconfig" name="test_algoroll_csk_reconfig_step5[manual]" time="0.153" /><testcase classname="rollover_algo_csk.tests_rollover_algo_csk_reconfig" name="test_algoroll_csk_reconfig_step6[kasp]" time="0.144" /><testcase classname="rollover_algo_csk.tests_rollover_algo_csk_reconfig" name="test_algoroll_csk_reconfig_step6[manual]" time="1.195" /><testcase classname="rollover_algo_ksk_zsk.tests_rollover_algo_ksk_zsk_reconfig" name="test_algoroll_ksk_zsk_reconfig_step1[kasp]" time="5.688" /><testcase classname="rollover_algo_ksk_zsk.tests_rollover_algo_ksk_zsk_reconfig" name="test_algoroll_ksk_zsk_reconfig_step1[manual]" time="0.379" /><testcase classname="rollover_ksk_doubleksk.tests_rollover_ksk_doubleksk" name="test_ksk_doubleksk_step1[autosign]" time="2.557" /><testcase classname="rollover_algo_ksk_zsk.tests_rollover_algo_ksk_zsk_reconfig" name="test_algoroll_ksk_zsk_reconfig_step2[kasp]" time="0.154" /><testcase classname="rollover_ksk_doubleksk.tests_rollover_ksk_doubleksk" name="test_ksk_doubleksk_step1[manual]" time="0.125" /><testcase classname="rollover_algo_ksk_zsk.tests_rollover_algo_ksk_zsk_reconfig" name="test_algoroll_ksk_zsk_reconfig_step2[manual]" time="0.161" /><testcase classname="rollover_ksk_doubleksk.tests_rollover_ksk_doubleksk" name="test_ksk_doubleksk_step2[autosign]" time="0.137" /><testcase classname="rollover_algo_ksk_zsk.tests_rollover_algo_ksk_zsk_reconfig" name="test_algoroll_ksk_zsk_reconfig_step3[kasp]" time="0.165" /><testcase classname="rollover_ksk_doubleksk.tests_rollover_ksk_doubleksk" name="test_ksk_doubleksk_step2[manual]" time="0.354" /><testcase classname="rollover_algo_ksk_zsk.tests_rollover_algo_ksk_zsk_reconfig" name="test_algoroll_ksk_zsk_reconfig_step3[manual]" time="0.518" /><testcase classname="rollover_ksk_doubleksk.tests_rollover_ksk_doubleksk" name="test_ksk_doubleksk_step3[autosign]" time="0.164" /><testcase classname="rollover_ksk_doubleksk.tests_rollover_ksk_doubleksk" name="test_ksk_doubleksk_step3[manual]" time="0.409" /><testcase classname="rollover_algo_ksk_zsk.tests_rollover_algo_ksk_zsk_reconfig" name="test_algoroll_ksk_zsk_reconfig_step4[kasp]" time="0.147" /><testcase classname="rollover_algo_ksk_zsk.tests_rollover_algo_ksk_zsk_reconfig" name="test_algoroll_ksk_zsk_reconfig_step4[manual]" time="0.398" /><testcase classname="rollover_ksk_doubleksk.tests_rollover_ksk_doubleksk" name="test_ksk_doubleksk_step4[autosign]" time="0.137" /><testcase classname="rollover_ksk_doubleksk.tests_rollover_ksk_doubleksk" name="test_ksk_doubleksk_step4[manual]" time="0.362" /><testcase classname="rollover_algo_ksk_zsk.tests_rollover_algo_ksk_zsk_reconfig" name="test_algoroll_ksk_zsk_reconfig_step5[kasp]" time="0.149" /><testcase classname="rollover_algo_ksk_zsk.tests_rollover_algo_ksk_zsk_reconfig" name="test_algoroll_ksk_zsk_reconfig_step5[manual]" time="0.159" /><testcase classname="rollover_ksk_doubleksk.tests_rollover_ksk_doubleksk" name="test_ksk_doubleksk_step5[autosign]" time="0.138" /><testcase classname="rollover_algo_ksk_zsk.tests_rollover_algo_ksk_zsk_reconfig" name="test_algoroll_ksk_zsk_reconfig_step6[kasp]" time="0.143" /><testcase classname="rollover_ksk_doubleksk.tests_rollover_ksk_doubleksk" name="test_ksk_doubleksk_step5[manual]" time="0.130" /><testcase classname="rollover_algo_ksk_zsk.tests_rollover_algo_ksk_zsk_reconfig" name="test_algoroll_ksk_zsk_reconfig_step6[manual]" time="1.238" /><testcase classname="rollover_ksk_doubleksk.tests_rollover_ksk_doubleksk" name="test_ksk_doubleksk_step6[autosign]" time="0.111" /><testcase classname="rollover_ksk_doubleksk.tests_rollover_ksk_doubleksk" name="test_ksk_doubleksk_step6[manual]" time="1.141" /><testcase classname="rsabigexponent.tests_rsabigexponent" name="test_max_rsa_exponent_size_good[0]" time="0.692" /><testcase classname="rsabigexponent.tests_rsabigexponent" name="test_max_rsa_exponent_size_good[35]" time="0.013" /><testcase classname="rsabigexponent.tests_rsabigexponent" name="test_max_rsa_exponent_size_good[666]" time="0.011" /><testcase classname="rsabigexponent.tests_rsabigexponent" name="test_max_rsa_exponent_size_good[1024]" time="0.011" /><testcase classname="rsabigexponent.tests_rsabigexponent" name="test_max_rsa_exponent_size_good[2048]" time="0.010" /><testcase classname="rsabigexponent.tests_rsabigexponent" name="test_max_rsa_exponent_size_good[3072]" time="0.012" /><testcase classname="rsabigexponent.tests_rsabigexponent" name="test_max_rsa_exponent_size_good[4096]" time="0.009" /><testcase classname="rsabigexponent.tests_rsabigexponent" name="test_max_rsa_exponent_size_bad[1]" time="0.010" /><testcase classname="rsabigexponent.tests_rsabigexponent" name="test_max_rsa_exponent_size_bad[34]" time="0.011" /><testcase classname="rsabigexponent.tests_rsabigexponent" name="test_max_rsa_exponent_size_bad[4097]" time="0.010" /><testcase classname="rsabigexponent.tests_rsabigexponent" name="test_rsa_big_exponent_keys_cant_load" time="0.002" /><testcase classname="rsabigexponent.tests_rsabigexponent" name="test_rsa_big_exponent_keys_cant_validate" time="1.058" /><testcase classname="digdelv.tests_dig" name="test_next_server_after_udp_read_error" time="0.019" /><testcase classname="digdelv.tests_dig" name="test_next_server_after_tcp_read_error" time="0.033" /><testcase classname="digdelv.tests_dig" name="test_next_server_after_tcp_connection_error" time="0.033" /><testcase classname="digdelv.tests_dig" name="test_next_server_after_read_timeout[udp]" time="3.031" /><testcase classname="rollover_zsk_prepub.tests_rollover_zsk_prepublication" name="test_zsk_prepub_step1[autosign]" time="2.666" /><testcase classname="rollover_zsk_prepub.tests_rollover_zsk_prepublication" name="test_zsk_prepub_step1[manual]" time="0.121" /><testcase classname="rollover_zsk_prepub.tests_rollover_zsk_prepublication" name="test_zsk_prepub_step2[autosign]" time="0.128" /><testcase classname="rollover_zsk_prepub.tests_rollover_zsk_prepublication" name="test_zsk_prepub_step2[manual]" time="0.346" /><testcase classname="rollover_zsk_prepub.tests_rollover_zsk_prepublication" name="test_zsk_prepub_step3[autosign]" time="4.393" /><testcase classname="migrate2kasp.tests_migrate2kasp" name="test_migrate2kasp_case[migrate.kasp]" time="2.086" /><testcase classname="migrate2kasp.tests_migrate2kasp" name="test_migrate2kasp_case[csk.kasp]" time="0.118" /><testcase classname="migrate2kasp.tests_migrate2kasp" name="test_migrate2kasp_case[csk-nosep.kasp]" time="0.121" /><testcase classname="digdelv.tests_dig" name="test_next_server_after_read_timeout[tcp]" time="3.036" /><testcase classname="migrate2kasp.tests_migrate2kasp" name="test_migrate2kasp_case[rumoured.kasp]" time="0.121" /><testcase classname="migrate2kasp.tests_migrate2kasp" name="test_migrate2kasp_case[omnipresent.kasp]" time="0.121" /><testcase classname="migrate2kasp.tests_migrate2kasp" name="test_migrate2kasp_case[no-syncpublish.kasp]" time="0.119" /><testcase classname="migrate2kasp.tests_migrate2kasp" name="test_migrate2kasp_case[migrate-nomatch-algnum.kasp]" time="0.157" /><testcase classname="migrate2kasp.tests_migrate2kasp" name="test_migrate2kasp_case[migrate-nomatch-alglen.kasp]" time="0.140" /><testcase classname="migrate2kasp.tests_migrate2kasp" name="test_migrate2kasp_case[migrate-nomatch-kzc.kasp]" time="0.139" /><testcase classname="migrate2kasp.tests_migrate2kasp" name="test_migrate2kasp_case[view-rsasha256.kasp (external)]" time="0.118" /><testcase classname="migrate2kasp.tests_migrate2kasp" name="test_migrate2kasp_case[view-rsasha256.kasp (internal)]" time="1.154" /><testcase classname="digdelv.tests_dig" name="test_mapped_ipv6_server_refused" time="15.027" /><testcase classname="rollover_zsk_prepub.tests_rollover_zsk_prepublication" name="test_zsk_prepub_step3[manual]" time="5.000" /><testcase classname="selftest.tests_zone_analyzer" name="test_analyzer_attrs[all_existing_names]" time="3.074" /><testcase classname="selftest.tests_zone_analyzer" name="test_analyzer_attrs[delegations]" time="0.003" /><testcase classname="selftest.tests_zone_analyzer" name="test_analyzer_attrs[dnames]" time="0.003" /><testcase classname="selftest.tests_zone_analyzer" name="test_analyzer_attrs[ents]" time="0.001" /><testcase classname="selftest.tests_zone_analyzer" name="test_analyzer_attrs[occluded]" time="0.010" /><testcase classname="selftest.tests_zone_analyzer" name="test_analyzer_attrs[reachable]" time="0.002" /><testcase classname="selftest.tests_zone_analyzer" name="test_analyzer_attrs[reachable_delegations]" time="0.001" /><testcase classname="selftest.tests_zone_analyzer" name="test_analyzer_attrs[reachable_dnames]" time="0.001" /><testcase classname="selftest.tests_zone_analyzer" name="test_analyzer_attrs[reachable_wildcard_parents]" time="0.001" /><testcase classname="selftest.tests_zone_analyzer" name="test_analyzer_attrs[reachable_wildcards]" time="0.001" /><testcase classname="selftest.tests_zone_analyzer" name="test_analyzer_attrs[wildcards]" time="0.020" /><testcase classname="ksr.tests_ksr" name="test_ksr_errors" time="0.204" /><testcase classname="ksr.tests_ksr" name="test_ksr_common" time="2.318" /><testcase classname="nta.tests_nta" name="test_nta_removals" time="0.072" /><testcase classname="nta.tests_nta" name="test_nta_restarts" time="14.223" /><testcase classname="ksr.tests_ksr" name="test_ksr_lastbundle" time="1.666" /><testcase classname="rollover_zsk_prepub.tests_rollover_zsk_prepublication" name="test_zsk_prepub_step4[autosign]" time="0.133" /><testcase classname="rollover_zsk_prepub.tests_rollover_zsk_prepublication" name="test_zsk_prepub_step4[manual]" time="0.382" /><testcase classname="rollover_zsk_prepub.tests_rollover_zsk_prepublication" name="test_zsk_prepub_step5[autosign]" time="0.125" /><testcase classname="rollover_zsk_prepub.tests_rollover_zsk_prepublication" name="test_zsk_prepub_step5[manual]" time="0.125" /><testcase classname="rollover_zsk_prepub.tests_rollover_zsk_prepublication" name="test_zsk_prepub_step6[autosign]" time="0.116" /><testcase classname="rollover_zsk_prepub.tests_rollover_zsk_prepublication" name="test_zsk_prepub_step6[manual]" time="1.171" /><testcase classname="ksr.tests_ksr" name="test_ksr_inthemiddle" time="1.953" /><testcase classname="ksr.tests_ksr" name="test_ksr_rekey_logs_error" time="0.136" /><testcase classname="ksr.tests_ksr" name="test_ksr_unlimited" time="13.924" /><testcase classname="timeouts.tests_tcp_timeouts" name="test_initial_timeout" time="5.222" /><testcase classname="timeouts.tests_tcp_timeouts" name="test_idle_timeout" time="9.019" /><testcase classname="digdelv.tests_dig" name="test_qr_and_y_with_failed_query" time="0.011" /><testcase classname="digdelv.tests_dig" name="test_startup_banner_default" time="1.012" /><testcase classname="digdelv.tests_dig" name="test_nocmd_after_query_name" time="1.014" /><testcase classname="digdelv.tests_dig" name="test_yaml_valid_when_no_server_reached" time="1.025" /><testcase classname="nta.tests_nta" name="test_nta_regular" time="12.975" /><testcase classname="digdelv.tests_dig" name="test_source_address_both_families_no_crash" time="0.016" /><testcase classname="digdelv.tests_dig" name="test_yaml_any_output" time="0.029" /><testcase classname="digdelv.tests_dig" name="test_yaml_ipv6_trailing_zeroes" time="0.016" /><testcase classname="digdelv.tests_dig" name="test_yaml_special_characters_in_qname[yaml]" time="0.019" /><testcase classname="digdelv.tests_dig" name="test_yaml_special_characters_in_qname['.yaml]" time="0.019" /><testcase classname="digdelv.tests_dig" name="test_yaml_special_characters_in_qname[[.yaml]" time="0.017" /><testcase classname="digdelv.tests_dig" name="test_yaml_special_characters_in_qname[{.yaml]" time="0.016" /><testcase classname="digdelv.tests_dig" name="test_yaml_special_characters_in_qname[&amp;.yaml]" time="0.016" /><testcase classname="digdelv.tests_dig" name="test_yaml_special_characters_in_qname[#.yaml]" time="0.020" /><testcase classname="digdelv.tests_dig" name="test_yaml_character_values" time="2.063" /><testcase classname="dnssec_cname_response.tests_cname_rejection" name="test_direct_metatype_query_does_not_crash_resolver[DNSKEY]" time="0.509" /><testcase classname="dnssec_cname_response.tests_cname_rejection" name="test_direct_metatype_query_does_not_crash_resolver[NSEC]" time="0.004" /><testcase classname="dnssec_cname_response.tests_cname_rejection" name="test_direct_metatype_query_does_not_crash_resolver[NSEC3]" time="0.003" /><testcase classname="dnssec_cname_response.tests_cname_rejection" name="test_direct_metatype_query_does_not_crash_resolver[RRSIG]" time="0.004" /><testcase classname="dnssec_cname_response.tests_cname_rejection" name="test_rrsig_lone_record_does_not_stall_resolver" time="0.004" /><testcase classname="dnssec_cname_response.tests_cname_rejection" name="test_cname_for_validator_dnskey_fetch" time="0.004" /><testcase classname="dnssec_cname_response.tests_cname_rejection" name="test_ds_cname_does_not_deadlock" time="0.003" /><testcase classname="dnssec_cname_response.tests_cname_rejection" name="test_unsolicited_nsec3_proofs_are_rejected" time="2.031" /><testcase classname="timeouts.tests_tcp_timeouts" name="test_keepalive_timeout" time="9.028" /><testcase classname="ksr.tests_ksr" name="test_ksr_twotone" time="3.268" /><testcase classname="filters.tests_filter_a_v4" name="test_filter_a_on_v4[auth]" time="0.892" /><testcase classname="filters.tests_filter_a_v4" name="test_filter_a_on_v4[auth-break-dnssec]" time="0.011" /><testcase classname="filters.tests_filter_a_v4" name="test_filter_a_on_v4[recurs]" time="0.014" /><testcase classname="filters.tests_filter_a_v4" name="test_filter_a_on_v4[recurs-break-dnssec]" time="0.014" /><testcase classname="filters.tests_filter_a_v4" name="test_filter_a_on_v4_via_v6[auth]" time="0.005" /><testcase classname="filters.tests_filter_a_v4" name="test_filter_a_on_v4_via_v6[auth-break-dnssec]" time="0.004" /><testcase classname="filters.tests_filter_a_v4" name="test_filter_a_on_v4_via_v6[recurs]" time="0.004" /><testcase classname="filters.tests_filter_a_v4" name="test_filter_a_on_v4_via_v6[recurs-break-dnssec]" time="1.053" /><testcase classname="ksr.tests_ksr" name="test_ksr_kskroll" time="1.662" /><testcase classname="filters.tests_filter_a_v6" name="test_filter_a_on_v6[auth]" time="0.964" /><testcase classname="filters.tests_filter_a_v6" name="test_filter_a_on_v6[auth-break-dnssec]" time="0.015" /><testcase classname="filters.tests_filter_a_v6" name="test_filter_a_on_v6[recurs]" time="0.027" /><testcase classname="filters.tests_filter_a_v6" name="test_filter_a_on_v6[recurs-break-dnssec]" time="0.024" /><testcase classname="filters.tests_filter_a_v6" name="test_filter_a_on_v6_via_v4[auth]" time="0.005" /><testcase classname="filters.tests_filter_a_v6" name="test_filter_a_on_v6_via_v4[auth-break-dnssec]" time="0.005" /><testcase classname="filters.tests_filter_a_v6" name="test_filter_a_on_v6_via_v4[recurs]" time="0.007" /><testcase classname="filters.tests_filter_a_v6" name="test_filter_a_on_v6_via_v4[recurs-break-dnssec]" time="1.102" /><testcase classname="ksr.tests_ksr" name="test_ksr_fast" time="1.482" /><testcase classname="filters.tests_filter_aaaa_v4" name="test_filter_aaaa_on_v4[auth]" time="1.160" /><testcase classname="filters.tests_filter_aaaa_v4" name="test_filter_aaaa_on_v4[auth-break-dnssec]" time="0.016" /><testcase classname="filters.tests_filter_aaaa_v4" name="test_filter_aaaa_on_v4[recurs]" time="0.019" /><testcase classname="filters.tests_filter_aaaa_v4" name="test_filter_aaaa_on_v4[recurs-break-dnssec]" time="0.021" /><testcase classname="filters.tests_filter_aaaa_v4" name="test_filter_aaaa_on_v4_via_v6[auth]" time="0.007" /><testcase classname="filters.tests_filter_aaaa_v4" name="test_filter_aaaa_on_v4_via_v6[auth-break-dnssec]" time="0.007" /><testcase classname="filters.tests_filter_aaaa_v4" name="test_filter_aaaa_on_v4_via_v6[recurs]" time="0.005" /><testcase classname="filters.tests_filter_aaaa_v4" name="test_filter_aaaa_on_v4_via_v6[recurs-break-dnssec]" time="1.045" /><testcase classname="ksr.tests_ksr" name="test_ksr_oversize" time="1.071" /><testcase classname="glue.tests_glue" name="test_glue_full_glue_set" time="0.378" /><testcase classname="glue.tests_glue" name="test_glue_no_glue_set" time="0.002" /><testcase classname="glue.tests_glue" name="test_glue_truncation[foo.subdomain-a.tc-test-unsigned.-False]" time="0.002" /><testcase classname="glue.tests_glue" name="test_glue_truncation[foo.subdomain-aaaa.tc-test-unsigned.-False]" time="0.002" /><testcase classname="glue.tests_glue" name="test_glue_truncation[foo.subdomain-both.tc-test-unsigned.-False]" time="0.002" /><testcase classname="glue.tests_glue" name="test_glue_truncation[foo.subdomain-a.tc-test-signed.-True]" time="0.002" /><testcase classname="glue.tests_glue" name="test_glue_truncation[foo.subdomain-aaaa.tc-test-signed.-True]" time="0.002" /><testcase classname="glue.tests_glue" name="test_glue_truncation[foo.subdomain-both.tc-test-signed.-True]" time="1.018" /><testcase classname="nta.tests_nta" name="test_nta_forced" time="12.988" /><testcase classname="timeouts.tests_tcp_timeouts" name="test_pipelining_timeout" time="10.014" /><testcase classname="filters.tests_filter_aaaa_v6" name="test_filter_aaaa_on_v6[auth]" time="0.985" /><testcase classname="filters.tests_filter_aaaa_v6" name="test_filter_aaaa_on_v6[auth-break-dnssec]" time="0.012" /><testcase classname="filters.tests_filter_aaaa_v6" name="test_filter_aaaa_on_v6[recurs]" time="0.014" /><testcase classname="filters.tests_filter_aaaa_v6" name="test_filter_aaaa_on_v6[recurs-break-dnssec]" time="0.014" /><testcase classname="filters.tests_filter_aaaa_v6" name="test_filter_aaaa_on_v6_via_v4[auth]" time="0.004" /><testcase classname="filters.tests_filter_aaaa_v6" name="test_filter_aaaa_on_v6_via_v4[auth-break-dnssec]" time="0.004" /><testcase classname="filters.tests_filter_aaaa_v6" name="test_filter_aaaa_on_v6_via_v4[recurs]" time="0.004" /><testcase classname="filters.tests_filter_aaaa_v6" name="test_filter_aaaa_on_v6_via_v4[recurs-break-dnssec]" time="1.025" /><testcase classname="rrchecker.tests_rrchecker" name="test_rrchecker_list_standard_names[-C-expected_result0]" time="0.030" /><testcase classname="rrchecker.tests_rrchecker" name="test_rrchecker_list_standard_names[-T-expected_result1]" time="0.011" /><testcase classname="rrchecker.tests_rrchecker" name="test_rrchecker_list_standard_names[-P-expected_result2]" time="0.010" /><testcase classname="rrchecker.tests_rrchecker" name="test_rrchecker_conversions[-p]" time="1.257" /><testcase classname="rollover_enable_dnssec.tests_rollover_enable_dnssec" name="test_rollover_enable_dnssec_step1[autosign]" time="1.584" /><testcase classname="rollover_enable_dnssec.tests_rollover_enable_dnssec" name="test_rollover_enable_dnssec_step1[manual]" time="1.197" /><testcase classname="rrchecker.tests_rrchecker" name="test_rrchecker_conversions[-u]" time="2.588" /><testcase classname="rollover_enable_dnssec.tests_rollover_enable_dnssec" name="test_rollover_enable_dnssec_step2[autosign]" time="0.100" /><testcase classname="rollover_enable_dnssec.tests_rollover_enable_dnssec" name="test_rollover_enable_dnssec_step2[manual]" time="0.102" /><testcase classname="rollover_enable_dnssec.tests_rollover_enable_dnssec" name="test_rollover_enable_dnssec_step3[autosign]" time="0.143" /><testcase classname="rollover_enable_dnssec.tests_rollover_enable_dnssec" name="test_rollover_enable_dnssec_step3[manual]" time="0.373" /><testcase classname="rollover_enable_dnssec.tests_rollover_enable_dnssec" name="test_rollover_enable_dnssec_step4[autosign]" time="0.122" /><testcase classname="rollover_enable_dnssec.tests_rollover_enable_dnssec" name="test_rollover_enable_dnssec_step4[manual]" time="1.139" /><testcase classname="rrchecker.tests_rrchecker" name="test_rrchecker_conversions[multi-line at class]" time="1.344" /><testcase classname="tcp.tests_tcp" name="test_tcp_garbage" time="0.776" /><testcase classname="tcp.tests_tcp" name="test_tcp_garbage_response" time="0.005" /><testcase classname="tcp.tests_tcp" name="test_close_wait" time="0.005" /><testcase classname="tcp.tests_tcp" name="test_tcp_big" time="0.010" /><testcase classname="tcp.tests_tcp" name="test_tcp_request_statistics" time="4.124" /><testcase classname="rrchecker.tests_rrchecker" name="test_rrchecker_conversions[ multi-line at type]" time="1.240" /><testcase classname="rrchecker.tests_rrchecker" name="test_rrchecker_conversions[multi-line at data]" time="1.166" /><testcase classname="tcp.tests_tcp" name="test_tcp_high_water" time="0.079" /><testcase classname="tcp.tests_tcp" name="test_long_tcp_messages" time="1.086" /><testcase classname="timeouts.tests_tcp_timeouts" name="test_long_axfr" time="8.964" /><testcase classname="limits.tests_limits" name="test_limits[1000-1000]" time="2.185" /><testcase classname="limits.tests_limits" name="test_limits[2000-2000]" time="0.057" /><testcase classname="limits.tests_limits" name="test_limits[3000-3000]" time="0.076" /><testcase classname="masterfile.tests_masterfile" name="test_masterfile_include_semantics" time="0.281" /><testcase classname="masterfile.tests_masterfile" name="test_masterfile_bind_8_compat_semantics
[...]
2.054" /><testcase classname="dnssec_wildcard.tests_replayed_parent_wildcard" name="test_malicious_replay" time="0.374" /><testcase classname="dnssec_wildcard.tests_replayed_parent_wildcard" name="test_replayed_parent_wildcard" time="2.039" /><testcase classname="ecdsa.tests_ecdsa" name="test_ecdsa256" time="0.614" /><testcase classname="ecdsa.tests_ecdsa" name="test_ecdsa384" time="1.040" /><testcase classname="expiredglue.tests_expiredglue" name="test_expiredglue" time="9.604" /><testcase classname="fwdfirst.tests_fwdfirst" name="test_forward_first_referral_ns_above_forward_zone_not_cached[ns4]" time="0.956" /><testcase classname="fwdfirst.tests_fwdfirst" name="test_forward_first_referral_ns_above_forward_zone_not_cached[ns5]" time="2.056" /><testcase classname="nsec3.tests_nsec3_restart" name="test_nsec3_case[nsec3.kasp]" time="2.660" /><testcase classname="nsec3.tests_nsec3_restart" name="test_nsec3_case[nsec3-other.kasp]" time="3.412" /><testcase classname="expiredglue.tests_expiredglue" name="test_loopdetected" time="1.046" /><testcase classname="nsec3_impersonation.tests_nsec3_impersonation" name="test_attack_responses" time="0.374" /><testcase classname="nsec3_impersonation.tests_nsec3_impersonation" name="test_nsec3_impersonation" time="2.049" /><testcase classname="mismatchtcp.tests_mismatchtcp" name="test_mismatch_tcp_fallback" time="0.385" /><testcase classname="mismatchtcp.tests_mismatchtcp" name="test_mismatch_counter" time="2.033" /><testcase classname="nsec_synthesis.tests_nsec_child_next" name="test_direct_insecure_child_nsec_next_fixture" time="0.511" /><testcase classname="nsec_synthesis.tests_nsec_child_next" name="test_resolver_does_not_synth_from_insecure_child_nsec" time="2.043" /><testcase classname="nsec_synthesis.tests_nsec_selfloop" name="test_direct_child_self_loop_nsec_fixture" time="0.719" /><testcase classname="nsec_synthesis.tests_nsec_selfloop" name="test_resolver_does_not_synth_parent_nxdomain_from_child_nsec" time="2.039" /><testcase classname="optout.tests_optout" name="test_optout" time="5.712" /><testcase classname="rollover.tests_rollover_manual" name="test_rollover_manual" time="2.301" /><testcase classname="rollover.tests_rollover_manual" name="test_rollover_manual_zrrsig_rumoured" time="1.343" /><testcase classname="optout.tests_optout" name="test_optout_to_nsec" time="1.216" /><testcase classname="rollover_algo_ksk_zsk.tests_rollover_algo_ksk_zsk_initial" name="test_algoroll_ksk_zsk_initial[kasp]" time="1.411" /><testcase classname="rollover_algo_ksk_zsk.tests_rollover_algo_ksk_zsk_initial" name="test_algoroll_ksk_zsk_initial[manual]" time="1.145" /><testcase classname="rollover_going_insecure.tests_rollover_going_insecure_initial" name="test_going_insecure_initial[going-insecure.kasp]" time="1.006" /><testcase classname="rollover_going_insecure.tests_rollover_going_insecure_initial" name="test_going_insecure_initial[going-insecure-dynamic.kasp]" time="1.150" /><testcase classname="rollover_algo_csk.tests_rollover_algo_csk_initial" name="test_algoroll_csk_initial[kasp]" time="1.405" /><testcase classname="rollover_algo_csk.tests_rollover_algo_csk_initial" name="test_algoroll_csk_initial[manual]" time="1.143" /><testcase classname="rollover_straight2none.tests_rollover_straight2none_reconfig" name="test_straight2none_reconfig[going-straight-to-none.kasp]" time="1.075" /><testcase classname="rollover_straight2none.tests_rollover_straight2none_reconfig" name="test_straight2none_reconfig[going-straight-to-none-dynamic.kasp]" time="1.141" /><testcase classname="rollover_straight2none.tests_rollover_straight2none_initial" name="test_straight2none_initial[going-straight-to-none.kasp]" time="0.968" /><testcase classname="rollover_straight2none.tests_rollover_straight2none_initial" name="test_straight2none_initial[going-straight-to-none-dynamic.kasp]" time="1.139" /><testcase classname="shutdown.tests_shutdown" name="test_named_shutdown[rndc]" time="2.367" /><testcase classname="stub.tests_stub" name="test_stub_zones_availability" time="1.861" /><testcase classname="stub.tests_stub" name="test_stub_glue_record_with_minimal_response" time="1.028" /><testcase classname="shutdown.tests_shutdown" name="test_named_shutdown[sigterm]" time="4.081" /><testcase classname="wildcard.tests_nonterminal_wildcard" name="test_empty_nonterminal_under_wildcard_is_nodata" time="1.408" /><testcase classname="wildcard.tests_nonterminal_wildcard" name="test_wildcard_still_expands_without_blocking_ent" time="1.031" /><testcase classname="dialup.tests_dialup_zone_transfer" name="test_dialup_zone_transfer[3]" time="1.143" /><testcase classname="xferquota.tests_xferquota" name="test_xferquota" time="56.580" /><testcase classname="tsiggss.tests_isc_spnego_flaws" name="test_cve_2020_8625" time="0.208" /><testcase classname="tsiggss.tests_isc_spnego_flaws" name="test_cve_2021_25216" time="1.024" /><testcase classname="dnssec_py.tests_dnskey_malformed" name="test_malformed_ecdsa" time="0.966" /><testcase classname="dnssec_py.tests_dnskey_malformed" name="test_multiple_rrsigs" time="2.048" /><testcase classname="doth.tests_gnutls" name="test_gnutls_cli_query" time="3.743"><skipped type="pytest.skip" message="gnutls-cli not found in PATH">/src/bin/tests/system/doth/tests_gnutls.py:43: gnutls-cli not found in PATH</skipped><system-out>--------------------------------- Captured Log ---------------------------------
2026-09-12 16:40:49 INFO:doth switching to tmpdir: /src/bin/tests/system/doth-tmp-x2yss7wz
2026-09-12 16:40:49 INFO:doth test started: /src/bin/tests/system/doth/tests_gnutls.py
2026-09-12 16:40:49 INFO:doth using port range: &lt;18843, 18862&gt;
</system-out></testcase><testcase classname="doth.tests_malicious" name="test_settings_frame_flood" time="3.784" /><testcase classname="doth.tests_sh_doth" name="test_doth" time="83.502" /><testcase classname="nsupdate.tests_sh_nsupdate" name="test_nsupdate" time="165.930" /><testcase classname="dnssec_nsec3.tests_dnssec_nsec3_delegation" name="test_forged_bogus_inner_nsec3" time="0.402" /><testcase classname="dnssec_nsec3.tests_dnssec_nsec3_delegation" name="test_resolver_rejects_bogus_inner_nsec3_downgrade" time="2.051" /><testcase classname="rpzrecurse.tests_sh_rpzrecurse" name="test_rpzrecurse" time="162.433" /><testcase classname="xferquota.tests_xferquota" name="test_xfrquota_unauthorized_no_starve" time="2.133" /><testcase classname="catz.tests_sh_catz" name="test_catz" time="88.492" /><testcase classname="proxy.tests_sh_proxy" name="test_proxy" time="94.698" /><testcase classname="acl.tests_sh_acl" name="test_acl" time="41.152" /><testcase classname="resolver.tests_sh_resolver" name="test_resolver" time="93.813" /><testcase classname="rpz.tests_sh_rpz" name="test_rpz" time="79.587" /><testcase classname="additional.tests_sh_additional" name="test_additional" time="2.415" /><testcase classname="addzone.tests_rndc_modzone_without_add" name="test_rndc_modzone_without_add" time="1.486" /><testcase classname="auth.tests_sh_auth" name="test_auth" time="1.481" /><testcase classname="autosign.tests_sh_autosign" name="test_autosign" time="40.319" /><testcase classname="rpzrecurse.tests_sh_rpzrecurse_dnsrps" name="test_rpzrecurse_dnsrps" time="0.001"><skipped type="pytest.skip" message="dnsrps disabled in the build">/src/bin/tests/system/rpzrecurse/tests_sh_rpzrecurse_dnsrps.py:33: dnsrps disabled in the build</skipped><system-out>--------------------------------- Captured Log ---------------------------------

</system-out></testcase><testcase classname="serve_stale.tests_sh_serve_stale" name="test_serve_stale" time="295.740" /><testcase classname="builtin.tests_sh_builtin" name="test_builtin" time="3.731" /><testcase classname="cacheclean.tests_sh_cacheclean" name="test_cacheclean" time="11.333" /><testcase classname="case.tests_sh_case" name="test_case" time="11.949" /><testcase classname="cds.tests_sh_cds" name="test_cds" time="3.987" /><testcase classname="addzone.tests_rndc_deadlock" name="test_rndc_deadlock" time="11.594" /><testcase classname="chain.tests_sh_chain" name="test_chain" time="5.728" /><testcase classname="rpz.tests_sh_rpz_dnsrps" name="test_rpz_dnsrps" time="0.001"><skipped type="pytest.skip" message="dnsrps disabled in the build">/src/bin/tests/system/rpz/tests_sh_rpz_dnsrps.py:74: dnsrps disabled in the build</skipped><system-out>--------------------------------- Captured Log ---------------------------------

</system-out></testcase><testcase classname="addzone.tests_sh_addzone" name="test_addzone" time="7.779" /><testcase classname="checkconf.tests_sh_checkconf" name="test_checkconf" time="4.698" /><testcase classname="checkzone.tests_sh_checkzone" name="test_checkzone" time="10.771" /><testcase classname="allow_query.tests_sh_allow_query" name="test_allow_query" time="2.881" /><testcase classname="checknames.tests_sh_checknames" name="test_checknames" time="9.270" /><testcase classname="checkconf_keys.tests_checkconf_keys" name="test_dnssecpolicy_keystore" time="1.327" /><testcase classname="cpu.tests_sh_cpu" name="test_cpu" time="1.298" /><testcase classname="dispatch.tests_connreset" name="test_connreset" time="3.745" /><testcase classname="cname_dname_negcache.tests_dname_negcache" name="test_dname_negcache" time="2.718" /><testcase classname="dispatch.tests_tcponly" name="test_tcponly_not_resolved" time="12.749" /><testcase classname="cname_dname_negcache.tests_cname_negcache" name="test_cname_negcache" time="2.765" /><testcase classname="database.tests_database" name="test_database" time="1.207" /><testcase classname="dns64_dname.tests_dns64_dname" name="test_dns64_partial_exclude_after_dname_restart" time="1.334" /><testcase classname="cookie.tests_sh_cookie" name="test_cookie" time="10.899" /><testcase classname="dlzexternal.tests_sh_dlzexternal" name="test_dlzexternal" time="1.979" /><testcase classname="dns64.tests_sh_dns64" name="test_dns64" time="4.107" /><testcase classname="dnssec_py.tests_nsec3_iter_too_many" name="test_excessive_nsec3_iterations_delegation" time="3.180" /><testcase classname="dnssec.tests_validation" name="test_positive_validation_dname_at_apex" time="18.940" /><testcase classname="dnssec_py.tests_sibling_ds" name="test_sibling_ds_rejected" time="2.905" /><testcase classname="dnssec_bypass.tests_bypass" name="test_out_of_zone_nsec" time="1.919" /><testcase classname="dnstap.tests_sh_dnstap" name="test_dnstap" time="4.881" /><testcase classname="dnssec_py.tests_mixed_ds" name="test_mixed_ds" time="3.099" /><testcase classname="dnssec.tests_sh_dnssec" name="test_dnssec" time="133.818" /><testcase classname="dyndb.tests_sh_dyndb" name="test_dyndb" time="2.290" /><testcase classname="eddsa.tests_sh_eddsa" name="test_eddsa" time="1.852" /><testcase classname="emptyzones.tests_emptyzones" name="test_emptyzones" time="1.281" /><testcase classname="ednscompliance.tests_sh_ednscompliance" name="test_ednscompliance" time="1.253" /><testcase classname="enginepkcs11.tests_sh_enginepkcs11" name="test_enginepkcs11" time="0.001"><skipped type="pytest.skip" message="pkcs11-provider not enabled">/src/bin/tests/system/enginepkcs11/tests_sh_enginepkcs11.py:70: pkcs11-provider not enabled</skipped><system-out>--------------------------------- Captured Log ---------------------------------

</system-out></testcase><testcase classname="filters.tests_filter_checkconf" name="test_filters_checkconf" time="1.988" /><testcase classname="fetchlimit.tests_sh_fetchlimit" name="test_fetchlimit" time="62.492" /><testcase classname="forward.tests_sh_forward" name="test_forward" time="23.951" /><testcase classname="geoip2.tests_sh_geoip2" name="test_geoip2" time="36.355" /><testcase classname="host.tests_sh_host" name="test_host" time="1.283" /><testcase classname="idna.tests_sh_idna" name="test_idna" time="1.995" /><testcase classname="filters.tests_filter_dns64" name="test_filter_dns64" time="1.929" /><testcase classname="hooks.tests_async_plugin" name="test_async_hook" time="1.171" /><testcase classname="inline.tests_inline_incremental_updates" name="test_inline_incremental_updates" time="6.822" /><testcase classname="inline.tests_sh_inline" name="test_inline" time="62.003" /><testcase classname="inline.tests_signed_zone_files" name="test_unsigned_serial_number" time="6.274" /><testcase classname="ixfr.tests_sh_ixfr" name="test_ixfr" time="30.830" /><testcase classname="journal.tests_sh_journal" name="test_journal" time="3.778" /><testcase classname="keepalive.tests_keepalive" name="test_dig_tcp_keepalive_handling" time="1.548" /><testcase classname="legacy.tests_sh_legacy" name="test_legacy" time="47.211" /><testcase classname="dnssec_parent_rrsig.tests_parent_rrsig" name="test_resolver_rejects_ancestor_signed_additional_replay" time="2.438" /><testcase classname="dnstap.tests_dnstap" name="test_dnstap_dispatch_socket_addresses" time="1.734" /><testcase classname="metadata.tests_sh_metadata" name="test_metadata" time="20.789" /><testcase classname="integrity.tests_sh_integrity" name="test_integrity" time="1.334" /><testcase classname="ixfr_nonminimal.tests_sh_ixfr_nonminimal" name="test_my_ixfr_nonminimal" time="9.107" /><testcase classname="mkeys.tests_sh_mkeys" name="test_mkeys" time="60.472" /><testcase classname="mirror.tests_sh_mirror" name="test_mirror" time="14.919" /><testcase classname="mirror_root_zone.tests_mirror_root_zone" name="test_mirror_root_zone" time="0.001"><skipped type="pytest.skip" message="CI_ENABLE_LIVE_INTERNET_TESTS not set">/src/bin/tests/system/mirror_root_zone/tests_mirror_root_zone.py:18: CI_ENABLE_LIVE_INTERNET_TESTS not set</skipped><system-out>--------------------------------- Captured Log ---------------------------------

</system-out></testcase><testcase classname="nsec.tests_excessive_rrsigs" name="test_excessive_rrsigs" time="1.573" /><testcase classname="nsec3.tests_nsec3_change" name="test_nsec3_case" time="6.401" /><testcase classname="logfileconfig.tests_sh_logfileconfig" name="test_logfileconfig" time="6.852" /><testcase classname="nsec3.tests_nsec3_length" name="test_nsec3_invalid_length" time="3.171" /><testcase classname="nsec3.tests_nsec3_reload" name="test_nsec3_case" time="3.355" /><testcase classname="masterformat.tests_sh_masterformat" name="test_masterformat" time="13.741" /><testcase classname="nsec_ixfr.tests_nsec_ixfr" name="test_nsec_ixfr_empty_nonterminal" time="6.453" /><testcase classname="camp.tests_sh_camp" name="test_camp" time="1.624" /><testcase classname="nsec_synthesis.tests_nsec_exact_nodata" name="test_pending_exact_nodata_nsec_cache_poisoning" time="2.525" /><testcase classname="cap_glues.tests_cap_glues" name="test_cap_glues" time="1.546" /><testcase classname="nsprocessinglimit.tests_nsprocessinglimit" name="test_selfpointedglue_nslimit" time="1.590" /><testcase classname="nslookup.tests_sh_nslookup" name="test_nslookup" time="1.279" /><testcase classname="nzd2nzf.tests_nzd2nzf" name="test_nzd2nzf" time="2.308" /><testcase classname="padding.tests_sh_padding" name="test_padding" time="1.712" /><testcase classname="pending.tests_sh_pending" name="test_pending" time="2.460" /><testcase classname="nsec3.tests_nsec3_retransfer" name="test_nsec3_retransfer" time="7.843" /><testcase classname="pipelined.tests_sh_pipelined" name="test_pipelined" time="4.123" /><testcase classname="qmin.tests_sh_qmin" name="test_qmin" time="46.053" /><testcase classname="query_source.tests_querysource_none" name="test_querysource_none" time="1.775" /><testcase classname="nsec_synthesis.tests_nsec_pending_cd" name="test_pending_trust_nsec_cd_cache_poisoning" time="2.653" /><testcase classname="redirect.tests_sh_redirect" name="test_redirect" time="5.059" /><testcase classname="randomizens.tests_randomizens" name="test_randomizens" time="1.826" /><testcase classname="rfc5011.tests_rfc5011" name="test_rfc5011_rootdnskeyrefresh" time="0.001"><skipped type="pytest.skip" message="CI_ENABLE_LIVE_INTERNET_TESTS not set">/src/bin/tests/system/rfc5011/tests_rfc5011.py:23: CI_ENABLE_LIVE_INTERNET_TESTS not set</skipped><system-out>--------------------------------- Captured Log ---------------------------------

</system-out></testcase><testcase classname="rndc.tests_cve_2023_3341" name="test_cve_2023_3341" time="12.022" /><testcase classname="rndc.tests_sh_rndc" name="test_rndc" time="31.607" /><testcase classname="names.tests_names" name="test_names" time="1.185" /><testcase classname="notify.tests_sh_notify" name="test_notify" time="31.640" /><testcase classname="rollover_ksk_3crowd.tests_rollover_three_is_a_crowd" name="test_rollover_ksk_three_is_a_crowd" time="2.348" /><testcase classname="rollover_multisigner.tests_rollover_multisigner" name="test_rollover_multisigner" time="1.809" /><testcase classname="runtime.tests_sh_runtime" name="test_runtime" time="18.382" /><testcase classname="rollover_dynamic2inline.tests_rollover_dynamic2inline" name="test_dynamic2inline" time="1.536" /><testcase classname="rootkeysentinel.tests_sh_rootkeysentinel" name="test_rootkeysentinel" time="2.379" /><testcase classname="sfcache.tests_sh_sfcache" name="test_sfcache" time="4.884" /><testcase classname="sig0.tests_sig0" name="test_sig0_acl_bypass" time="1.268" /><testcase classname="smartsign.tests_sh_smartsign" name="test_smartsign" time="31.196" /><testcase classname="reclimit.tests_sh_reclimit" name="test_reclimit" time="21.845" /><testcase classname="rrl.tests_sh_rrl" name="test_rrl" time="14.616" /><testcase classname="sfcache_cname.tests_sfcache_cname" name="test_sfcache_cname" time="1.319" /><testcase classname="spf.tests_spf_zones" name="test_spf_log" time="1.187" /><testcase classname="statschannel.tests_sh_statschannel" name="test_statschannel" time="2.134" /><testcase classname="stress.tests_stress_update" name="test_update_stress" time="4.522" /><testcase classname="synthfromdnssec.tests_sh_synthfromdnssec" name="test_synthfromdnssec" time="12.331" /><testcase classname="rrsetorder.tests_sh_rrsetorder" name="test_rrsetorder" time="11.474" /><testcase classname="resend_loop.tests_resend_loop" name="test_resend_loop_badcookie" time="2.405" /><testcase classname="tkey.tests_cve_2026_3119" name="test_tkey_cve_2026_3119" time="1.172" /><testcase classname="ssutoctou.tests_ssutoctou" name="test_ssu_toctou_race" time="6.224" /><testcase classname="tkeyleak.tests_tkeyleak" name="test_tkey_gssapi_no_continuation" time="1.171" /><testcase classname="transport_change.tests_sh_transport_change" name="test_transport_change" time="1.714" /><testcase classname="statistics.tests_sh_statistics" name="test_statistics" time="4.892" /><testcase classname="tsig.tests_sh_tsig" name="test_tsig" time="2.792" /><testcase classname="transport_acl.tests_sh_transport_acl" name="test_transport_acl" time="1.440" /><testcase classname="tsig.tests_tsig_hypothesis" name="test_tsig_fuzz_rdata" time="2.916" /><testcase classname="tools.tests_sh_tools" name="test_tools" time="0.501" /><testcase classname="tsig.tests_badtime" name="test_tsig_badtime" time="5.398" /><testcase classname="tsiggss.tests_sh_tsiggss" name="test_tsiggss" time="4.114" /><testcase classname="srtt.tests_srtt" name="test_srtt" time="36.460" /><testcase classname="unknown.tests_sh_unknown" name="test_unknown" time="4.196" /><testcase classname="xfer_servers_list.tests_xfer_servers_list" name="test_xfer_servers_list" time="6.255" /><testcase classname="upforwd.tests_sh_upforwd" name="test_upforwd" time="48.649" /><testcase classname="views.tests_sh_views" name="test_views" time="8.077" /><testcase classname="zero.tests_sh_zero" name="test_zero" time="23.875" /><testcase classname="zonechecks.tests_sh_zonechecks" name="test_zonechecks" time="3.241" /><testcase classname="staticstub.tests_sh_staticstub" name="test_staticstub" time="8.568" /><testcase classname="wildcard.tests_sh_wildcard" name="test_wildcard" time="5.095" /><testcase classname="xfer.tests_retransfer_with_transferstuck" name="test_retransfer_with_transferstuck" time="63.198" /></testsuite></testsuites>