<?xml version="1.0" encoding="utf-8"?><testsuites name="pytest tests"><testsuite name="pytest" errors="0" failures="0" skipped="0" tests="5" time="423.520" timestamp="2026-09-12T16:45:39.817013+00:00" hostname="6fed5419c0ea"><testcase classname="timeouts.tests_tcp_timeouts" name="test_max_transfer_idle_out" time="63.499" /><testcase classname="doth.tests_sslyze" name="test_sslyze_doh" time="16.753" /><testcase classname="doth.tests_sslyze" name="test_sslyze_dot" time="13.243" /><testcase classname="doth.tests_gnutls" name="test_gnutls_cli_query" time="3.765" /><testcase classname="timeouts.tests_tcp_timeouts" name="test_max_transfer_time_out" time="358.523" /></testsuite></testsuites>